#
# A fatal error has been detected by the Java Runtime Environment:
#
#  EXCEPTION_ACCESS_VIOLATION (0xc0000005) at pc=0x0000000054be8f19, pid=5532, tid=3908
#
# JRE version: 7.0_07-b10
# Java VM: Java HotSpot(TM) 64-Bit Server VM (23.3-b01 mixed mode windows-amd64 compressed oops)
# Problematic frame:
# V  [jvm.dll+0x38f19]
#
# Failed to write core dump. Minidumps are not enabled by default on client versions of Windows
#
# If you would like to submit a bug report, please visit:
#   http://bugreport.sun.com/bugreport/crash.jsp
#

---------------  T H R E A D  ---------------

Current thread (0x000000000b355800):  JavaThread "JDWP Transport Listener: dt_socket" daemon [_thread_in_vm, id=3908, stack(0x000000000c800000,0x000000000c900000)]

siginfo: ExceptionCode=0xc0000005, reading address 0x000000000000000c

Registers:
RAX=0x000000000000000c, RBX=0x000000000b355800, RCX=0x0000000000000000, RDX=0x0000000000000000
RSP=0x000000000c8ff7a0, RBP=0x000000000000000c, RSI=0x0000000000000000, RDI=0x0000000000000010
R8 =0x00000000ec109640, R9 =0x0000000000000000, R10=0x0000000000000000, R11=0x0000000000000001
R12=0x0000000000000000, R13=0x0000000000000000, R14=0x0000000000000000, R15=0x0000000000000000
RIP=0x0000000054be8f19, EFLAGS=0x0000000000010246

Top of Stack: (sp=0x000000000c8ff7a0)
0x000000000c8ff7a0:   000000000b355800 0000000000000000
0x000000000c8ff7b0:   0000000000000000 000000000b355800
0x000000000c8ff7c0:   0000000000000000 0000000054ca76b4
0x000000000c8ff7d0:   00000000ec109640 000000000c8ff8f0
0x000000000c8ff7e0:   000000000b2aac98 000000000c8ff8c0
0x000000000c8ff7f0:   000000000b355800 0000000000000000
0x000000000c8ff800:   000000000b2aac98 000000000c8ff8f0
0x000000000c8ff810:   0000000000000000 0000000000000000
0x000000000c8ff820:   000000000b3559d8 00000000558c7d15
0x000000000c8ff830:   000000000c8ff8c0 000000000c8ff8f0
0x000000000c8ff840:   000000000b2aac98 000000000b3559d8
0x000000000c8ff850:   000000000eeabd0a 00000000558cf09c
0x000000000c8ff860:   0000000054010a01 000000000c8ff960
0x000000000c8ff870:   000000000b349d01 000000000b349d01
0x000000000c8ff880:   00003c1900000013 0000000054010a00
0x000000000c8ff890:   0000000002530790 0000000000000000 

Instructions: (pc=0x0000000054be8f19)
0x0000000054be8ef9:   d2 48 8b c5 eb 18 48 8b d0 48 8b c5 48 d3 e2 48
0x0000000054be8f09:   03 15 01 16 62 00 eb 06 48 8b 12 48 8b c7 48 98
0x0000000054be8f19:   8b 14 10 85 d2 74 2a 45 84 db 4c 63 c6 48 0f 45
0x0000000054be8f29:   fd 8d 47 0b 48 63 c8 48 83 e1 f8 48 c1 e9 03 8d 


Register to memory mapping:

RAX=0x000000000000000c is an unknown value
RBX=0x000000000b355800 is a thread
RCX=0x0000000000000000 is an unknown value
RDX=0x0000000000000000 is an unknown value
RSP=0x000000000c8ff7a0 is pointing into the stack for thread: 0x000000000b355800
RBP=0x000000000000000c is an unknown value
RSI=0x0000000000000000 is an unknown value
RDI=0x0000000000000010 is an unknown value
R8 =0x00000000ec109640 is an oop
java.lang.String 
 - klass: 'java/lang/String'
R9 =0x0000000000000000 is an unknown value
R10=0x0000000000000000 is an unknown value
R11=0x0000000000000001 is an unknown value
R12=0x0000000000000000 is an unknown value
R13=0x0000000000000000 is an unknown value
R14=0x0000000000000000 is an unknown value
R15=0x0000000000000000 is an unknown value


Stack: [0x000000000c800000,0x000000000c900000],  sp=0x000000000c8ff7a0,  free space=1021k
Native frames: (J=compiled Java code, j=interpreted, Vv=VM code, C=native code)
V  [jvm.dll+0x38f19]


---------------  P R O C E S S  ---------------

Java Threads: ( => current thread )
  0x000000000f06d000 JavaThread "Abandoned connection cleanup thread" daemon [_thread_blocked, id=7044, stack(0x0000000012e20000,0x0000000012f20000)]
  0x000000000fe9e000 JavaThread "Tomcat JDBC Pool Cleaner[1415493448:1511919509209]" daemon [_thread_blocked, id=10816, stack(0x0000000012c00000,0x0000000012d00000)]
  0x000000000fe9d800 JavaThread "DestroyJavaVM" [_thread_blocked, id=5848, stack(0x00000000026e0000,0x00000000027e0000)]
  0x000000000fe9c800 JavaThread "http-nio-8090-AsyncTimeout" daemon [_thread_blocked, id=6924, stack(0x0000000012a50000,0x0000000012b50000)]
  0x000000000fe9c000 JavaThread "http-nio-8090-Acceptor-0" daemon [_thread_in_native, id=8500, stack(0x0000000012930000,0x0000000012a30000)]
  0x000000000fe9b000 JavaThread "http-nio-8090-ClientPoller-1" daemon [_thread_in_native, id=5176, stack(0x0000000012530000,0x0000000012630000)]
  0x000000000fe9a800 JavaThread "http-nio-8090-ClientPoller-0" daemon [_thread_in_native, id=9604, stack(0x00000000126c0000,0x00000000127c0000)]
  0x000000000fe99800 JavaThread "http-nio-8090-exec-10" daemon [_thread_blocked, id=8264, stack(0x0000000012130000,0x0000000012230000)]
  0x000000000fe99000 JavaThread "http-nio-8090-exec-9" daemon [_thread_blocked, id=6992, stack(0x0000000012420000,0x0000000012520000)]
  0x000000000fe98000 JavaThread "http-nio-8090-exec-8" daemon [_thread_blocked, id=4692, stack(0x00000000122e0000,0x00000000123e0000)]
  0x000000000fe97800 JavaThread "http-nio-8090-exec-7" daemon [_thread_blocked, id=7008, stack(0x0000000011bb0000,0x0000000011cb0000)]
  0x000000000e3a9000 JavaThread "http-nio-8090-exec-6" daemon [_thread_blocked, id=5168, stack(0x0000000012020000,0x0000000012120000)]
  0x000000000e3a6800 JavaThread "http-nio-8090-exec-5" daemon [_thread_blocked, id=10864, stack(0x0000000011f10000,0x0000000012010000)]
  0x000000000e3a5800 JavaThread "http-nio-8090-exec-4" daemon [_thread_blocked, id=11236, stack(0x0000000011d00000,0x0000000011e00000)]
  0x000000000db3f800 JavaThread "http-nio-8090-exec-3" daemon [_thread_blocked, id=7460, stack(0x0000000011800000,0x0000000011900000)]
  0x000000001015e800 JavaThread "http-nio-8090-exec-2" daemon [_thread_blocked, id=10564, stack(0x0000000011a90000,0x0000000011b90000)]
  0x000000000fb8a800 JavaThread "http-nio-8090-exec-1" daemon [_thread_blocked, id=3900, stack(0x0000000011920000,0x0000000011a20000)]
  0x000000000deba000 JavaThread "NioBlockingSelector.BlockPoller-1" daemon [_thread_in_native, id=5204, stack(0x000000000f220000,0x000000000f320000)]
  0x000000000f877800 JavaThread "container-0" [_thread_blocked, id=7856, stack(0x000000000e0b0000,0x000000000e1b0000)]
  0x0000000010556800 JavaThread "ContainerBackgroundProcessor[StandardEngine[Tomcat]]" daemon [_thread_blocked, id=6420, stack(0x0000000011690000,0x0000000011790000)]
  0x000000000b381800 JavaThread "Service Thread" daemon [_thread_blocked, id=11124, stack(0x000000000d1b0000,0x000000000d2b0000)]
  0x000000000b378000 JavaThread "C2 CompilerThread1" daemon [_thread_blocked, id=10728, stack(0x000000000d050000,0x000000000d150000)]
  0x000000000b370800 JavaThread "C2 CompilerThread0" daemon [_thread_blocked, id=3316, stack(0x000000000cd70000,0x000000000ce70000)]
  0x000000000b364000 JavaThread "JDWP Command Reader" daemon [_thread_in_native, id=7052, stack(0x000000000ce70000,0x000000000cf70000)]
  0x000000000b363000 JavaThread "JDWP Event Helper Thread" daemon [_thread_blocked, id=9884, stack(0x000000000cab0000,0x000000000cbb0000)]
=>0x000000000b355800 JavaThread "JDWP Transport Listener: dt_socket" daemon [_thread_in_vm, id=3908, stack(0x000000000c800000,0x000000000c900000)]
  0x000000000b34f000 JavaThread "Attach Listener" daemon [_thread_blocked, id=8668, stack(0x000000000c700000,0x000000000c800000)]
  0x000000000b348800 JavaThread "Signal Dispatcher" daemon [_thread_blocked, id=5112, stack(0x000000000c500000,0x000000000c600000)]
  0x00000000025ef000 JavaThread "Finalizer" daemon [_thread_blocked, id=5792, stack(0x000000000c400000,0x000000000c500000)]
  0x00000000025e8800 JavaThread "Reference Handler" daemon [_thread_blocked, id=7028, stack(0x000000000c2b0000,0x000000000c3b0000)]

Other Threads:
  0x000000000b2a2000 VMThread [stack: 0x000000000c1a0000,0x000000000c2a0000] [id=10332]
  0x000000000d2db000 WatcherThread [stack: 0x000000000d770000,0x000000000d870000] [id=5560]

VM state:not at safepoint (normal execution)

VM Mutex/Monitor currently owned by a thread: None

Heap
 PSYoungGen      total 374208K, used 367403K [0x00000000db000000, 0x00000000f3350000, 0x0000000100000000)
  eden space 353152K, 99% used [0x00000000db000000,0x00000000f08a35d8,0x00000000f08e0000)
  from space 21056K, 68% used [0x00000000f1de0000,0x00000000f2c07710,0x00000000f3270000)
  to   space 21504K, 0% used [0x00000000f08e0000,0x00000000f08e0000,0x00000000f1de0000)
 ParOldGen       total 75776K, used 28741K [0x0000000091000000, 0x0000000095a00000, 0x00000000db000000)
  object space 75776K, 37% used [0x0000000091000000,0x0000000092c11790,0x0000000095a00000)
 PSPermGen       total 51584K, used 51504K [0x000000008be00000, 0x000000008f060000, 0x0000000091000000)
  object space 51584K, 99% used [0x000000008be00000,0x000000008f04c3f8,0x000000008f060000)

Card table byte_map: [0x00000000059d0000,0x0000000005d80000] byte_map_base: 0x0000000005571000

Polling page: 0x0000000000120000

Code Cache  [0x0000000002910000, 0x0000000002d30000, 0x0000000005910000)
 total_blobs=1463 nmethods=1016 adapters=405 free_code_cache=45031Kb largest_free_block=46034176

Compilation events (10 events):
Event: 26.391 Thread 0x000000000b370800 nmethod 1081 0x0000000002caa190 code [0x0000000002caa2c0, 0x0000000002caa318]
Event: 26.391 Thread 0x000000000b370800 1082             java.net.URLClassLoader$2::<init> (15 bytes)
Event: 26.392 Thread 0x000000000b370800 nmethod 1082 0x0000000002cab1d0 code [0x0000000002cab300, 0x0000000002cab378]
Event: 26.392 Thread 0x000000000b370800 1083             java.net.URLClassLoader$2::run (5 bytes)
Event: 26.395 Thread 0x000000000b370800 nmethod 1083 0x0000000002bd5250 code [0x0000000002bd53e0, 0x0000000002bd5650]
Event: 26.395 Thread 0x000000000b370800 1084             java.net.URLClassLoader$2::run (16 bytes)
Event: 26.398 Thread 0x000000000b370800 nmethod 1084 0x0000000002bd4ad0 code [0x0000000002bd4c60, 0x0000000002bd4ed0]
Event: 26.411 Thread 0x000000000b370800 1085             java.util.BitSet::wordIndex (5 bytes)
Event: 26.412 Thread 0x000000000b370800 nmethod 1085 0x0000000002984ad0 code [0x0000000002984c00, 0x0000000002984c38]
Event: 26.456 Thread 0x000000000b378000 nmethod 1078 0x0000000002bd8210 code [0x0000000002bd8420, 0x0000000002bda300]

GC Heap History (10 events):
Event: 3.271 GC heap before
{Heap before GC invocations=6 (full 0):
 PSYoungGen      total 61568K, used 61544K [0x00000000db000000, 0x00000000e3100000, 0x0000000100000000)
  eden space 56832K, 100% used [0x00000000db000000,0x00000000de780000,0x00000000de780000)
  from space 4736K, 99% used [0x00000000de780000,0x00000000dec1a020,0x00000000dec20000)
  to   space 9216K, 0% used [0x00000000e2800000,0x00000000e2800000,0x00000000e3100000)
 ParOldGen       total 75776K, used 8896K [0x0000000091000000, 0x0000000095a00000, 0x00000000db000000)
  object space 75776K, 11% used [0x0000000091000000,0x00000000918b03d8,0x0000000095a00000)
 PSPermGen       total 24512K, used 24485K [0x000000008be00000, 0x000000008d5f0000, 0x0000000091000000)
  object space 24512K, 99% used [0x000000008be00000,0x000000008d5e9730,0x000000008d5f0000)
Event: 3.295 GC heap after
Heap after GC invocations=6 (full 0):
 PSYoungGen      total 121728K, used 9205K [0x00000000db000000, 0x00000000e3340000, 0x0000000100000000)
  eden space 112512K, 0% used [0x00000000db000000,0x00000000db000000,0x00000000e1de0000)
  from space 9216K, 99% used [0x00000000e2800000,0x00000000e30fd4d0,0x00000000e3100000)
  to   space 10368K, 0% used [0x00000000e1de0000,0x00000000e1de0000,0x00000000e2800000)
 ParOldGen       total 75776K, used 8997K [0x0000000091000000, 0x0000000095a00000, 0x00000000db000000)
  object space 75776K, 11% used [0x0000000091000000,0x00000000918c9778,0x0000000095a00000)
 PSPermGen       total 24512K, used 24485K [0x000000008be00000, 0x000000008d5f0000, 0x0000000091000000)
  object space 24512K, 99% used [0x000000008be00000,0x000000008d5e9730,0x000000008d5f0000)
}
Event: 4.399 GC heap before
{Heap before GC invocations=7 (full 0):
 PSYoungGen      total 121728K, used 121717K [0x00000000db000000, 0x00000000e3340000, 0x0000000100000000)
  eden space 112512K, 100% used [0x00000000db000000,0x00000000e1de0000,0x00000000e1de0000)
  from space 9216K, 99% used [0x00000000e2800000,0x00000000e30fd4d0,0x00000000e3100000)
  to   space 10368K, 0% used [0x00000000e1de0000,0x00000000e1de0000,0x00000000e2800000)
 ParOldGen       total 75776K, used 8997K [0x0000000091000000, 0x0000000095a00000, 0x00000000db000000)
  object space 75776K, 11% used [0x0000000091000000,0x00000000918c9778,0x0000000095a00000)
 PSPermGen       total 31232K, used 31197K [0x000000008be00000, 0x000000008dc80000, 0x0000000091000000)
  object space 31232K, 99% used [0x000000008be00000,0x000000008dc776a8,0x000000008dc80000)
Event: 4.419 GC heap after
Heap after GC invocations=7 (full 0):
 PSYoungGen      total 122880K, used 10358K [0x00000000db000000, 0x00000000ea500000, 0x0000000100000000)
  eden space 112512K, 0% used [0x00000000db000000,0x00000000db000000,0x00000000e1de0000)
  from space 10368K, 99% used [0x00000000e1de0000,0x00000000e27fdaf0,0x00000000e2800000)
  to   space 12928K, 0% used [0x00000000e9860000,0x00000000e9860000,0x00000000ea500000)
 ParOldGen       total 75776K, used 11680K [0x0000000091000000, 0x0000000095a00000, 0x00000000db000000)
  object space 75776K, 15% used [0x0000000091000000,0x0000000091b68310,0x0000000095a00000)
 PSPermGen       total 31232K, used 31197K [0x000000008be00000, 0x000000008dc80000, 0x0000000091000000)
  object space 31232K, 99% used [0x000000008be00000,0x000000008dc776a8,0x000000008dc80000)
}
Event: 5.723 GC heap before
{Heap before GC invocations=8 (full 0):
 PSYoungGen      total 122880K, used 122870K [0x00000000db000000, 0x00000000ea500000, 0x0000000100000000)
  eden space 112512K, 100% used [0x00000000db000000,0x00000000e1de0000,0x00000000e1de0000)
  from space 10368K, 99% used [0x00000000e1de0000,0x00000000e27fdaf0,0x00000000e2800000)
  to   space 12928K, 0% used [0x00000000e9860000,0x00000000e9860000,0x00000000ea500000)
 ParOldGen       total 75776K, used 11680K [0x0000000091000000, 0x0000000095a00000, 0x00000000db000000)
  object space 75776K, 15% used [0x0000000091000000,0x0000000091b68310,0x0000000095a00000)
 PSPermGen       total 35072K, used 34998K [0x000000008be00000, 0x000000008e040000, 0x0000000091000000)
  object space 35072K, 99% used [0x000000008be00000,0x000000008e02da90,0x000000008e040000)
Event: 5.756 GC heap after
Heap after GC invocations=8 (full 0):
 PSYoungGen      total 233920K, used 12901K [0x00000000db000000, 0x00000000eace0000, 0x0000000100000000)
  eden space 220992K, 0% used [0x00000000db000000,0x00000000db000000,0x00000000e87d0000)
  from space 12928K, 99% used [0x00000000e9860000,0x00000000ea4f94d0,0x00000000ea500000)
  to   space 16960K, 0% used [0x00000000e87d0000,0x00000000e87d0000,0x00000000e9860000)
 ParOldGen       total 75776K, used 17206K [0x0000000091000000, 0x0000000095a00000, 0x00000000db000000)
  object space 75776K, 22% used [0x0000000091000000,0x00000000920cd838,0x0000000095a00000)
 PSPermGen       total 35072K, used 34998K [0x000000008be00000, 0x000000008e040000, 0x0000000091000000)
  object space 35072K, 99% used [0x000000008be00000,0x000000008e02da90,0x000000008e040000)
}
Event: 7.442 GC heap before
{Heap before GC invocations=9 (full 0):
 PSYoungGen      total 233920K, used 233893K [0x00000000db000000, 0x00000000eace0000, 0x0000000100000000)
  eden space 220992K, 100% used [0x00000000db000000,0x00000000e87d0000,0x00000000e87d0000)
  from space 12928K, 99% used [0x00000000e9860000,0x00000000ea4f94d0,0x00000000ea500000)
  to   space 16960K, 0% used [0x00000000e87d0000,0x00000000e87d0000,0x00000000e9860000)
 ParOldGen       total 75776K, used 17206K [0x0000000091000000, 0x0000000095a00000, 0x00000000db000000)
  object space 75776K, 22% used [0x0000000091000000,0x00000000920cd838,0x0000000095a00000)
 PSPermGen       total 36416K, used 36274K [0x000000008be00000, 0x000000008e190000, 0x0000000091000000)
  object space 36416K, 99% used [0x000000008be00000,0x000000008e16c850,0x000000008e190000)
Event: 7.462 GC heap after
Heap after GC invocations=9 (full 0):
 PSYoungGen      total 237952K, used 16947K [0x00000000db000000, 0x00000000f3270000, 0x0000000100000000)
  eden space 220992K, 0% used [0x00000000db000000,0x00000000db000000,0x00000000e87d0000)
  from space 16960K, 99% used [0x00000000e87d0000,0x00000000e985cef8,0x00000000e9860000)
  to   space 21056K, 0% used [0x00000000f1de0000,0x00000000f1de0000,0x00000000f3270000)
 ParOldGen       total 75776K, used 21540K [0x0000000091000000, 0x0000000095a00000, 0x00000000db000000)
  object space 75776K, 28% used [0x0000000091000000,0x0000000092509008,0x0000000095a00000)
 PSPermGen       total 36416K, used 36274K [0x000000008be00000, 0x000000008e190000, 0x0000000091000000)
  object space 36416K, 99% used [0x000000008be00000,0x000000008e16c850,0x000000008e190000)
}
Event: 9.216 GC heap before
{Heap before GC invocations=10 (full 0):
 PSYoungGen      total 237952K, used 237939K [0x00000000db000000, 0x00000000f3270000, 0x0000000100000000)
  eden space 220992K, 100% used [0x00000000db000000,0x00000000e87d0000,0x00000000e87d0000)
  from space 16960K, 99% used [0x00000000e87d0000,0x00000000e985cef8,0x00000000e9860000)
  to   space 21056K, 0% used [0x00000000f1de0000,0x00000000f1de0000,0x00000000f3270000)
 ParOldGen       total 75776K, used 21540K [0x0000000091000000, 0x0000000095a00000, 0x00000000db000000)
  object space 75776K, 28% used [0x0000000091000000,0x0000000092509008,0x0000000095a00000)
 PSPermGen       total 37760K, used 37620K [0x000000008be00000, 0x000000008e2e0000, 0x0000000091000000)
  object space 37760K, 99% used [0x000000008be00000,0x000000008e2bd298,0x000000008e2e0000)
Event: 9.235 GC heap after
Heap after GC invocations=10 (full 0):
 PSYoungGen      total 374208K, used 14493K [0x00000000db000000, 0x00000000f3350000, 0x0000000100000000)
  eden space 353152K, 0% used [0x00000000db000000,0x00000000db000000,0x00000000f08e0000)
  from space 21056K, 68% used [0x00000000f1de0000,0x00000000f2c07710,0x00000000f3270000)
  to   space 21504K, 0% used [0x00000000f08e0000,0x00000000f08e0000,0x00000000f1de0000)
 ParOldGen       total 75776K, used 28741K [0x0000000091000000, 0x0000000095a00000, 0x00000000db000000)
  object space 75776K, 37% used [0x0000000091000000,0x0000000092c11790,0x0000000095a00000)
 PSPermGen       total 37760K, used 37620K [0x000000008be00000, 0x000000008e2e0000, 0x0000000091000000)
  object space 37760K, 99% used [0x000000008be00000,0x000000008e2bd298,0x000000008e2e0000)
}

Deoptimization events (10 events):
Event: 26.390 Thread 0x000000000fb8a800 Uncommon trap -89 fr.pc 0x0000000002bfff9c
Event: 26.410 Thread 0x000000000fe99800 Uncommon trap -89 fr.pc 0x0000000002bfff9c
Event: 26.412 Thread 0x000000000fe99000 Uncommon trap -89 fr.pc 0x0000000002bfff9c
Event: 28.114 Thread 0x000000001015e800 Uncommon trap -89 fr.pc 0x0000000002bfff9c
Event: 28.115 Thread 0x000000001015e800 Uncommon trap -89 fr.pc 0x0000000002bfff9c
Event: 28.115 Thread 0x000000001015e800 Uncommon trap -89 fr.pc 0x0000000002bfff9c
Event: 28.115 Thread 0x000000001015e800 Uncommon trap -89 fr.pc 0x0000000002bfff9c
Event: 28.118 Thread 0x000000001015e800 Uncommon trap -89 fr.pc 0x0000000002a35b10
Event: 36.549 Thread 0x0000000010556800 Uncommon trap -89 fr.pc 0x0000000002a35b10
Event: 36.551 Thread 0x0000000010556800 Uncommon trap -122 fr.pc 0x0000000002abda30

Internal exceptions (10 events):
Event: 26.167 Thread 0x000000000e3a6800 Threw 0x00000000efa02e68 at C:\jdk7u1_64p\jdk7u7\hotspot\src\share\vm\prims\jvm.cpp:1166
Event: 26.167 Thread 0x000000000e3a6800 Threw 0x00000000efa03290 at C:\jdk7u1_64p\jdk7u7\hotspot\src\share\vm\prims\jvm.cpp:1166
Event: 26.168 Thread 0x000000000e3a6800 Threw 0x00000000efa0b888 at C:\jdk7u1_64p\jdk7u7\hotspot\src\share\vm\prims\jvm.cpp:1166
Event: 26.168 Thread 0x000000000e3a6800 Threw 0x00000000efa0bcb0 at C:\jdk7u1_64p\jdk7u7\hotspot\src\share\vm\prims\jvm.cpp:1166
Event: 26.260 Thread 0x000000000e3a6800 Threw 0x00000000f00d6500 at C:\jdk7u1_64p\jdk7u7\hotspot\src\share\vm\prims\jvm.cpp:1166
Event: 26.260 Thread 0x000000000e3a6800 Threw 0x00000000f00d6928 at C:\jdk7u1_64p\jdk7u7\hotspot\src\share\vm\prims\jvm.cpp:1166
Event: 26.261 Thread 0x000000000e3a6800 Threw 0x00000000f00dedc0 at C:\jdk7u1_64p\jdk7u7\hotspot\src\share\vm\prims\jvm.cpp:1166
Event: 26.261 Thread 0x000000000e3a6800 Threw 0x00000000f00df2e8 at C:\jdk7u1_64p\jdk7u7\hotspot\src\share\vm\prims\jvm.cpp:1166
Event: 28.118 Thread 0x000000001015e800 Threw 0x00000000ec102a90 at C:\jdk7u1_64p\jdk7u7\hotspot\src\share\vm\prims\jvm.cpp:1166
Event: 36.549 Thread 0x0000000010556800 Threw 0x00000000f0776fa8 at C:\jdk7u1_64p\jdk7u7\hotspot\src\share\vm\prims\jvm.cpp:1166

Events (10 events):
Event: 95.080 Executing VM operation: GetOrSetLocal
Event: 95.080 Executing VM operation: GetOrSetLocal done
Event: 95.080 Executing VM operation: GetOrSetLocal
Event: 95.080 Executing VM operation: GetOrSetLocal done
Event: 95.081 Executing VM operation: GetOrSetLocal
Event: 95.081 Executing VM operation: GetOrSetLocal done
Event: 95.081 Executing VM operation: GetOrSetLocal
Event: 95.081 Executing VM operation: GetOrSetLocal done
Event: 95.082 Executing VM operation: ChangeSingleStep
Event: 95.082 Executing VM operation: ChangeSingleStep done


Dynamic libraries:
0x000000013f9f0000 - 0x000000013fa24000 	C:\Program Files\Java\jdk1.7.0_07\bin\javaw.exe
0x0000000076e10000 - 0x0000000076fba000 	C:\Windows\SYSTEM32\ntdll.dll
0x0000000076cf0000 - 0x0000000076e0f000 	C:\Windows\system32\kernel32.dll
0x000007fefcba0000 - 0x000007fefcc0a000 	C:\Windows\system32\KERNELBASE.dll
0x000007fefe370000 - 0x000007fefe44b000 	C:\Windows\system32\ADVAPI32.dll
0x000007fefe2d0000 - 0x000007fefe36f000 	C:\Windows\system32\msvcrt.dll
0x000007fefee60000 - 0x000007fefee7f000 	C:\Windows\SYSTEM32\sechost.dll
0x000007fefd340000 - 0x000007fefd46d000 	C:\Windows\system32\RPCRT4.dll
0x0000000076ab0000 - 0x0000000076baa000 	C:\Windows\system32\USER32.dll
0x000007fefd470000 - 0x000007fefd4d7000 	C:\Windows\system32\GDI32.dll
0x000007fefe9b0000 - 0x000007fefe9be000 	C:\Windows\system32\LPK.dll
0x000007fefd000000 - 0x000007fefd0cb000 	C:\Windows\system32\USP10.dll
0x000007fefb320000 - 0x000007fefb514000 	C:\Windows\WinSxS\amd64_microsoft.windows.common-controls_6595b64144ccf1df_6.0.7601.18837_none_fa3b1e3d17594757\COMCTL32.dll
0x000007fefe450000 - 0x000007fefe4c1000 	C:\Windows\system32\SHLWAPI.dll
0x000007fefcfa0000 - 0x000007fefcfce000 	C:\Windows\system32\IMM32.DLL
0x000007fefee80000 - 0x000007fefef89000 	C:\Windows\system32\MSCTF.dll
0x00000000552d0000 - 0x00000000553a1000 	C:\Program Files\Java\jdk1.7.0_07\jre\bin\msvcr100.dll
0x0000000054bb0000 - 0x00000000552cf000 	C:\Program Files\Java\jdk1.7.0_07\jre\bin\server\jvm.dll
0x000007fef91d0000 - 0x000007fef91d9000 	C:\Windows\system32\WSOCK32.dll
0x000007fefec60000 - 0x000007fefecad000 	C:\Windows\system32\WS2_32.dll
0x000007fefcfd0000 - 0x000007fefcfd8000 	C:\Windows\system32\NSI.dll
0x000007fefccf0000 - 0x000007fefcd2b000 	C:\Windows\system32\WINMM.dll
0x0000000076fd0000 - 0x0000000076fd7000 	C:\Windows\system32\PSAPI.DLL
0x0000000058140000 - 0x000000005814f000 	C:\Program Files\Java\jdk1.7.0_07\jre\bin\verify.dll
0x0000000055940000 - 0x0000000055968000 	C:\Program Files\Java\jdk1.7.0_07\jre\bin\java.dll
0x00000000558c0000 - 0x00000000558f5000 	C:\Program Files\Java\jdk1.7.0_07\jre\bin\jdwp.dll
0x00000000650f0000 - 0x00000000650f8000 	C:\Program Files\Java\jdk1.7.0_07\jre\bin\npt.dll
0x0000000055980000 - 0x0000000055995000 	C:\Program Files\Java\jdk1.7.0_07\jre\bin\zip.dll
0x00000000549a0000 - 0x00000000549a9000 	C:\Program Files\Java\jdk1.7.0_07\jre\bin\dt_socket.dll
0x000007fefad00000 - 0x000007fefad15000 	C:\Windows\system32\NLAapi.dll
0x000007fef9210000 - 0x000007fef9225000 	C:\Windows\system32\napinsp.dll
0x000007fef91f0000 - 0x000007fef9209000 	C:\Windows\system32\pnrpnsp.dll
0x000007fefc2e0000 - 0x000007fefc335000 	C:\Windows\System32\mswsock.dll
0x000007fefc160000 - 0x000007fefc1bb000 	C:\Windows\system32\DNSAPI.dll
0x000007fef91e0000 - 0x000007fef91eb000 	C:\Windows\System32\winrnr.dll
0x000007fefa210000 - 0x000007fefa237000 	C:\Windows\system32\IPHLPAPI.DLL
0x000007fefa200000 - 0x000007fefa20b000 	C:\Windows\system32\WINNSI.DLL
0x000007fefa090000 - 0x000007fefa0e3000 	C:\Windows\System32\fwpuclnt.dll
0x000007fef8530000 - 0x000007fef8538000 	C:\Windows\system32\rasadhlp.dll
0x000007fefbce0000 - 0x000007fefbce7000 	C:\Windows\System32\wshtcpip.dll
0x0000000054980000 - 0x0000000054999000 	C:\Program Files\Java\jdk1.7.0_07\jre\bin\net.dll
0x000007fefc2d0000 - 0x000007fefc2d7000 	C:\Windows\System32\wship6.dll
0x0000000054960000 - 0x0000000054971000 	C:\Program Files\Java\jdk1.7.0_07\jre\bin\nio.dll
0x00000000547b0000 - 0x00000000547bb000 	C:\Program Files\Java\jdk1.7.0_07\jre\bin\management.dll
0x000007fefc340000 - 0x000007fefc358000 	C:\Windows\system32\CRYPTSP.dll
0x000007fefc040000 - 0x000007fefc087000 	C:\Windows\system32\rsaenh.dll
0x000007fefbdf0000 - 0x000007fefbe0e000 	C:\Windows\system32\USERENV.dll
0x000007fefcaf0000 - 0x000007fefcaff000 	C:\Windows\system32\profapi.dll
0x000007fefc9e0000 - 0x000007fefc9ef000 	C:\Windows\system32\CRYPTBASE.dll
0x000007fef9230000 - 0x000007fef9355000 	C:\Windows\system32\dbghelp.dll

VM Arguments:
jvm_args: -agentlib:jdwp=transport=dt_socket,suspend=y,address=localhost:5039 -Dfile.encoding=UTF-8 
java_command: cn.tarena.book.StartBookApplication
Launcher Type: SUN_STANDARD

Environment Variables:
JAVA_HOME=C:\Program Files\Java\jdk1.7.0_07
CLASSPATH=.
PATH=C:\Program Files\Java\jdk1.7.0_07\jre\bin;C:/Program Files/Java/jre1.8.0_152/bin/server;C:/Program Files/Java/jre1.8.0_152/bin;C:/Program Files/Java/jre1.8.0_152/lib/amd64;D:\Tools\apache-maven-3.3.1\bin;C:\ProgramData\Oracle\Java\javapath;C:\Program Files\Java\jdk1.7.0_07\bin;C:\Program Files\Java\jre7\bin;;C:\Windows\system32;C:\Windows;C:\Windows\system32\wbem;C:\Program Files\MySQL\MySQL Server 5.5\bin;D:\Program Files (x86)\MySQL\bin;D:\MySQL\bin;C:\Users\tarena\Downloads\eclipse;
USERNAME=tarena
OS=Windows_NT
PROCESSOR_IDENTIFIER=Intel64 Family 6 Model 60 Stepping 3, GenuineIntel



---------------  S Y S T E M  ---------------

OS: Windows 7 , 64 bit Build 7601 Service Pack 1

CPU:total 4 (2 cores per cpu, 2 threads per core) family 6 model 60 stepping 3, cmov, cx8, fxsr, mmx, sse, sse2, sse3, ssse3, sse4.1, sse4.2, popcnt, avx, avx2, ht, tsc, tscinvbit

Memory: 4k page, physical 7270560k(1433992k free), swap 14539260k(7366840k free)

vm_info: Java HotSpot(TM) 64-Bit Server VM (23.3-b01) for windows-amd64 JRE (1.7.0_07-b10), built on Aug 28 2012 18:28:27 by "java_re" with unknown MS VC++:1600

time: Wed Nov 29 09:39:47 2017
elapsed time: 95 seconds

