#
# A fatal error has been detected by the Java Runtime Environment:
#
#  EXCEPTION_ACCESS_VIOLATION (0xc0000005) at pc=0x00000000639b8f19, pid=8200, tid=5908
#
# JRE version: 7.0_07-b10
# Java VM: Java HotSpot(TM) 64-Bit Server VM (23.3-b01 mixed mode windows-amd64 compressed oops)
# Problematic frame:
# V  [jvm.dll+0x38f19]
#
# Failed to write core dump. Minidumps are not enabled by default on client versions of Windows
#
# If you would like to submit a bug report, please visit:
#   http://bugreport.sun.com/bugreport/crash.jsp
#

---------------  T H R E A D  ---------------

Current thread (0x000000000b0f2800):  JavaThread "JDWP Transport Listener: dt_socket" daemon [_thread_in_vm, id=5908, stack(0x000000000cab0000,0x000000000cbb0000)]

siginfo: ExceptionCode=0xc0000005, reading address 0x000000000000000c

Registers:
RAX=0x000000000000000c, RBX=0x000000000b0f2800, RCX=0x0000000000000000, RDX=0x0000000000000000
RSP=0x000000000cbaf8c0, RBP=0x000000000000000c, RSI=0x0000000000000000, RDI=0x0000000000000010
R8 =0x00000000ebca22e8, R9 =0x0000000000000000, R10=0x0000000000000000, R11=0x0000000000000001
R12=0x0000000000000000, R13=0x0000000000000000, R14=0x0000000000000000, R15=0x0000000000000000
RIP=0x00000000639b8f19, EFLAGS=0x0000000000010246

Top of Stack: (sp=0x000000000cbaf8c0)
0x000000000cbaf8c0:   000000000b0f2800 0000000000000000
0x000000000cbaf8d0:   0000000000000000 000000000b0f2800
0x000000000cbaf8e0:   0000000000000000 0000000063a776b4
0x000000000cbaf8f0:   00000000ebca22e8 000000000cbafa10
0x000000000cbaf900:   000000000b048cb0 000000000cbaf9e0
0x000000000cbaf910:   000000000b0f2800 0000000000000000
0x000000000cbaf920:   000000000b048cb0 000000000cbafa10
0x000000000cbaf930:   0000000000000000 0000000000000000
0x000000000cbaf940:   000000000b0f29d8 0000000067ca7d15
0x000000000cbaf950:   000000000cbaf9e0 000000000cbafa10
0x000000000cbaf960:   000000000b048cb0 000000000b0f29d8
0x000000000cbaf970:   000000000f7db70a 0000000067caf09c
0x000000000cbaf980:   0000000063010a01 000000000cbafa80
0x000000000cbaf990:   000000000b0e6e01 000000000b0e6e01
0x000000000cbaf9a0:   0000456b00000013 0000000063010a00
0x000000000cbaf9b0:   0000000010b1a690 0000000000000000 

Instructions: (pc=0x00000000639b8f19)
0x00000000639b8ef9:   d2 48 8b c5 eb 18 48 8b d0 48 8b c5 48 d3 e2 48
0x00000000639b8f09:   03 15 01 16 62 00 eb 06 48 8b 12 48 8b c7 48 98
0x00000000639b8f19:   8b 14 10 85 d2 74 2a 45 84 db 4c 63 c6 48 0f 45
0x00000000639b8f29:   fd 8d 47 0b 48 63 c8 48 83 e1 f8 48 c1 e9 03 8d 


Register to memory mapping:

RAX=0x000000000000000c is an unknown value
RBX=0x000000000b0f2800 is a thread
RCX=0x0000000000000000 is an unknown value
RDX=0x0000000000000000 is an unknown value
RSP=0x000000000cbaf8c0 is pointing into the stack for thread: 0x000000000b0f2800
RBP=0x000000000000000c is an unknown value
RSI=0x0000000000000000 is an unknown value
RDI=0x0000000000000010 is an unknown value
R8 =0x00000000ebca22e8 is an oop
java.lang.String 
 - klass: 'java/lang/String'
R9 =0x0000000000000000 is an unknown value
R10=0x0000000000000000 is an unknown value
R11=0x0000000000000001 is an unknown value
R12=0x0000000000000000 is an unknown value
R13=0x0000000000000000 is an unknown value
R14=0x0000000000000000 is an unknown value
R15=0x0000000000000000 is an unknown value


Stack: [0x000000000cab0000,0x000000000cbb0000],  sp=0x000000000cbaf8c0,  free space=1022k
Native frames: (J=compiled Java code, j=interpreted, Vv=VM code, C=native code)
V  [jvm.dll+0x38f19]


---------------  P R O C E S S  ---------------

Java Threads: ( => current thread )
  0x000000001043f800 JavaThread "Abandoned connection cleanup thread" daemon [_thread_blocked, id=5400, stack(0x0000000012160000,0x0000000012260000)]
  0x000000001043e800 JavaThread "Tomcat JDBC Pool Cleaner[1415493448:1511851024060]" daemon [_thread_blocked, id=5976, stack(0x0000000010130000,0x0000000010230000)]
  0x000000001043e000 JavaThread "DestroyJavaVM" [_thread_blocked, id=5196, stack(0x0000000002890000,0x0000000002990000)]
  0x000000001043d000 JavaThread "http-nio-8090-AsyncTimeout" daemon [_thread_blocked, id=8360, stack(0x00000000128c0000,0x00000000129c0000)]
  0x000000001043c000 JavaThread "http-nio-8090-Acceptor-0" daemon [_thread_in_native, id=3760, stack(0x0000000012750000,0x0000000012850000)]
  0x000000001043b800 JavaThread "http-nio-8090-ClientPoller-1" daemon [_thread_in_native, id=9488, stack(0x0000000011790000,0x0000000011890000)]
  0x000000001043a800 JavaThread "http-nio-8090-ClientPoller-0" daemon [_thread_in_native, id=3060, stack(0x0000000012640000,0x0000000012740000)]
  0x000000001043a000 JavaThread "http-nio-8090-exec-10" daemon [_thread_blocked, id=6208, stack(0x00000000123d0000,0x00000000124d0000)]
  0x0000000010439000 JavaThread "http-nio-8090-exec-9" daemon [_thread_blocked, id=2148, stack(0x0000000012260000,0x0000000012360000)]
  0x0000000010438800 JavaThread "http-nio-8090-exec-8" daemon [_thread_blocked, id=8960, stack(0x0000000011510000,0x0000000011610000)]
  0x000000000d858000 JavaThread "http-nio-8090-exec-7" daemon [_thread_blocked, id=9392, stack(0x0000000012010000,0x0000000012110000)]
  0x000000000ebcc000 JavaThread "http-nio-8090-exec-6" daemon [_thread_blocked, id=10096, stack(0x000000000c470000,0x000000000c570000)]
  0x0000000010465800 JavaThread "http-nio-8090-exec-5" daemon [_thread_blocked, id=6104, stack(0x0000000011ef0000,0x0000000011ff0000)]
  0x0000000010464000 JavaThread "http-nio-8090-exec-4" daemon [_thread_blocked, id=8636, stack(0x0000000011d40000,0x0000000011e40000)]
  0x0000000010462000 JavaThread "http-nio-8090-exec-3" daemon [_thread_blocked, id=8864, stack(0x0000000011bd0000,0x0000000011cd0000)]
  0x000000000db05000 JavaThread "http-nio-8090-exec-2" daemon [_thread_blocked, id=7612, stack(0x0000000011a40000,0x0000000011b40000)]
  0x000000000db04800 JavaThread "http-nio-8090-exec-1" daemon [_thread_blocked, id=616, stack(0x0000000011890000,0x0000000011990000)]
  0x000000000ea0d000 JavaThread "NioBlockingSelector.BlockPoller-1" daemon [_thread_in_native, id=8652, stack(0x0000000011690000,0x0000000011790000)]
  0x000000000ed7a800 JavaThread "container-0" [_thread_blocked, id=9680, stack(0x00000000113f0000,0x00000000114f0000)]
  0x00000000107b7800 JavaThread "ContainerBackgroundProcessor[StandardEngine[Tomcat]]" daemon [_thread_blocked, id=7752, stack(0x000000000efa0000,0x000000000f0a0000)]
  0x000000000b119000 JavaThread "Service Thread" daemon [_thread_blocked, id=6896, stack(0x000000000d190000,0x000000000d290000)]
  0x000000000b115000 JavaThread "C2 CompilerThread1" daemon [_thread_blocked, id=9064, stack(0x000000000c8d0000,0x000000000c9d0000)]
  0x000000000b111800 JavaThread "C2 CompilerThread0" daemon [_thread_blocked, id=4412, stack(0x000000000cfc0000,0x000000000d0c0000)]
  0x000000000b103800 JavaThread "JDWP Command Reader" daemon [_thread_in_native, id=3360, stack(0x000000000cd90000,0x000000000ce90000)]
  0x000000000b102800 JavaThread "JDWP Event Helper Thread" daemon [_thread_blocked, id=5956, stack(0x000000000cbd0000,0x000000000ccd0000)]
=>0x000000000b0f2800 JavaThread "JDWP Transport Listener: dt_socket" daemon [_thread_in_vm, id=5908, stack(0x000000000cab0000,0x000000000cbb0000)]
  0x000000000b0ec800 JavaThread "Attach Listener" daemon [_thread_blocked, id=996, stack(0x000000000c5d0000,0x000000000c6d0000)]
  0x000000000b0e5800 JavaThread "Signal Dispatcher" daemon [_thread_blocked, id=8460, stack(0x000000000c370000,0x000000000c470000)]
  0x000000000256c000 JavaThread "Finalizer" daemon [_thread_blocked, id=7036, stack(0x000000000c190000,0x000000000c290000)]
  0x0000000002565000 JavaThread "Reference Handler" daemon [_thread_blocked, id=9660, stack(0x000000000c020000,0x000000000c120000)]

Other Threads:
  0x000000000b042800 VMThread [stack: 0x000000000be10000,0x000000000bf10000] [id=9440]
  0x000000000d2d0000 WatcherThread [stack: 0x000000000cec0000,0x000000000cfc0000] [id=10020]

VM state:not at safepoint (normal execution)

VM Mutex/Monitor currently owned by a thread: None

Heap
 PSYoungGen      total 374144K, used 329990K [0x00000000db000000, 0x00000000f3310000, 0x0000000100000000)
  eden space 353280K, 89% used [0x00000000db000000,0x00000000ee42bda8,0x00000000f0900000)
  from space 20864K, 69% used [0x00000000f1dd0000,0x00000000f2be5b18,0x00000000f3230000)
  to   space 21312K, 0% used [0x00000000f0900000,0x00000000f0900000,0x00000000f1dd0000)
 ParOldGen       total 75776K, used 28318K [0x0000000091000000, 0x0000000095a00000, 0x00000000db000000)
  object space 75776K, 37% used [0x0000000091000000,0x0000000092ba7888,0x0000000095a00000)
 PSPermGen       total 51392K, used 51363K [0x000000008be00000, 0x000000008f030000, 0x0000000091000000)
  object space 51392K, 99% used [0x000000008be00000,0x000000008f028d30,0x000000008f030000)

Card table byte_map: [0x0000000005990000,0x0000000005d40000] byte_map_base: 0x0000000005531000

Polling page: 0x00000000001b0000

Code Cache  [0x0000000002990000, 0x0000000002d80000, 0x0000000005990000)
 total_blobs=1408 nmethods=961 adapters=405 free_code_cache=45310Kb largest_free_block=46205248

Compilation events (10 events):
Event: 27.360 Thread 0x000000000b111800 nmethod 1029 0x0000000002be22d0 code [0x0000000002be2480, 0x0000000002be2cd0]
Event: 27.360 Thread 0x000000000b111800 1030             java.nio.Buffer::limit (5 bytes)
Event: 27.361 Thread 0x000000000b111800 nmethod 1030 0x0000000002d4bd90 code [0x0000000002d4bec0, 0x0000000002d4bf18]
Event: 27.361 Thread 0x000000000b111800 1031             org.apache.tomcat.util.http.MimeHeaders::getValue (44 bytes)
Event: 27.370 Thread 0x000000000b111800 nmethod 1031 0x0000000002b5f590 code [0x0000000002b5f720, 0x0000000002b5fdd8]
Event: 27.370 Thread 0x000000000b111800 1032             org.apache.tomcat.util.buf.ByteChunk::equalsIgnoreCase (76 bytes)
Event: 27.374 Thread 0x000000000b111800 nmethod 1032 0x0000000002d40810 code [0x0000000002d40960, 0x0000000002d40bf8]
Event: 27.420 Thread 0x000000000b115000 nmethod 1019 0x0000000002d70c50 code [0x0000000002d713a0, 0x0000000002d77178]
Event: 28.380 Thread 0x000000000b111800 1033             org.apache.tomcat.util.http.MimeHeaderField::getName (5 bytes)
Event: 28.381 Thread 0x000000000b111800 nmethod 1033 0x0000000002be20d0 code [0x0000000002be2200, 0x0000000002be2258]

GC Heap History (10 events):
Event: 2.597 GC heap before
{Heap before GC invocations=6 (full 0):
 PSYoungGen      total 61568K, used 61560K [0x00000000db000000, 0x00000000e3100000, 0x0000000100000000)
  eden space 56832K, 100% used [0x00000000db000000,0x00000000de780000,0x00000000de780000)
  from space 4736K, 99% used [0x00000000de780000,0x00000000dec1e030,0x00000000dec20000)
  to   space 9216K, 0% used [0x00000000e2800000,0x00000000e2800000,0x00000000e3100000)
 ParOldGen       total 75776K, used 8919K [0x0000000091000000, 0x0000000095a00000, 0x00000000db000000)
  object space 75776K, 11% used [0x0000000091000000,0x00000000918b5d58,0x0000000095a00000)
 PSPermGen       total 24512K, used 24482K [0x000000008be00000, 0x000000008d5f0000, 0x0000000091000000)
  object space 24512K, 99% used [0x000000008be00000,0x000000008d5e8ba0,0x000000008d5f0000)
Event: 2.635 GC heap after
Heap after GC invocations=6 (full 0):
 PSYoungGen      total 121728K, used 9188K [0x00000000db000000, 0x00000000e3340000, 0x0000000100000000)
  eden space 112512K, 0% used [0x00000000db000000,0x00000000db000000,0x00000000e1de0000)
  from space 9216K, 99% used [0x00000000e2800000,0x00000000e30f9170,0x00000000e3100000)
  to   space 10368K, 0% used [0x00000000e1de0000,0x00000000e1de0000,0x00000000e2800000)
 ParOldGen       total 75776K, used 8948K [0x0000000091000000, 0x0000000095a00000, 0x00000000db000000)
  object space 75776K, 11% used [0x0000000091000000,0x00000000918bd188,0x0000000095a00000)
 PSPermGen       total 24512K, used 24482K [0x000000008be00000, 0x000000008d5f0000, 0x0000000091000000)
  object space 24512K, 99% used [0x000000008be00000,0x000000008d5e8ba0,0x000000008d5f0000)
}
Event: 3.578 GC heap before
{Heap before GC invocations=7 (full 0):
 PSYoungGen      total 121728K, used 121700K [0x00000000db000000, 0x00000000e3340000, 0x0000000100000000)
  eden space 112512K, 100% used [0x00000000db000000,0x00000000e1de0000,0x00000000e1de0000)
  from space 9216K, 99% used [0x00000000e2800000,0x00000000e30f9170,0x00000000e3100000)
  to   space 10368K, 0% used [0x00000000e1de0000,0x00000000e1de0000,0x00000000e2800000)
 ParOldGen       total 75776K, used 8948K [0x0000000091000000, 0x0000000095a00000, 0x00000000db000000)
  object space 75776K, 11% used [0x0000000091000000,0x00000000918bd188,0x0000000095a00000)
 PSPermGen       total 31232K, used 31194K [0x000000008be00000, 0x000000008dc80000, 0x0000000091000000)
  object space 31232K, 99% used [0x000000008be00000,0x000000008dc76b20,0x000000008dc80000)
Event: 3.594 GC heap after
Heap after GC invocations=7 (full 0):
 PSYoungGen      total 122880K, used 10349K [0x00000000db000000, 0x00000000ea500000, 0x0000000100000000)
  eden space 112512K, 0% used [0x00000000db000000,0x00000000db000000,0x00000000e1de0000)
  from space 10368K, 99% used [0x00000000e1de0000,0x00000000e27fb578,0x00000000e2800000)
  to   space 12928K, 0% used [0x00000000e9860000,0x00000000e9860000,0x00000000ea500000)
 ParOldGen       total 75776K, used 11694K [0x0000000091000000, 0x0000000095a00000, 0x00000000db000000)
  object space 75776K, 15% used [0x0000000091000000,0x0000000091b6b908,0x0000000095a00000)
 PSPermGen       total 31232K, used 31194K [0x000000008be00000, 0x000000008dc80000, 0x0000000091000000)
  object space 31232K, 99% used [0x000000008be00000,0x000000008dc76b20,0x000000008dc80000)
}
Event: 4.694 GC heap before
{Heap before GC invocations=8 (full 0):
 PSYoungGen      total 122880K, used 122861K [0x00000000db000000, 0x00000000ea500000, 0x0000000100000000)
  eden space 112512K, 100% used [0x00000000db000000,0x00000000e1de0000,0x00000000e1de0000)
  from space 10368K, 99% used [0x00000000e1de0000,0x00000000e27fb578,0x00000000e2800000)
  to   space 12928K, 0% used [0x00000000e9860000,0x00000000e9860000,0x00000000ea500000)
 ParOldGen       total 75776K, used 11694K [0x0000000091000000, 0x0000000095a00000, 0x00000000db000000)
  object space 75776K, 15% used [0x0000000091000000,0x0000000091b6b908,0x0000000095a00000)
 PSPermGen       total 35072K, used 35001K [0x000000008be00000, 0x000000008e040000, 0x0000000091000000)
  object space 35072K, 99% used [0x000000008be00000,0x000000008e02e6e8,0x000000008e040000)
Event: 4.714 GC heap after
Heap after GC invocations=8 (full 0):
 PSYoungGen      total 233984K, used 12901K [0x00000000db000000, 0x00000000eacc0000, 0x0000000100000000)
  eden space 221056K, 0% used [0x00000000db000000,0x00000000db000000,0x00000000e87e0000)
  from space 12928K, 99% used [0x00000000e9860000,0x00000000ea4f9508,0x00000000ea500000)
  to   space 16896K, 0% used [0x00000000e87e0000,0x00000000e87e0000,0x00000000e9860000)
 ParOldGen       total 75776K, used 16987K [0x0000000091000000, 0x0000000095a00000, 0x00000000db000000)
  object space 75776K, 22% used [0x0000000091000000,0x0000000092096c68,0x0000000095a00000)
 PSPermGen       total 35072K, used 35001K [0x000000008be00000, 0x000000008e040000, 0x0000000091000000)
  object space 35072K, 99% used [0x000000008be00000,0x000000008e02e6e8,0x000000008e040000)
}
Event: 6.027 GC heap before
{Heap before GC invocations=9 (full 0):
 PSYoungGen      total 233984K, used 233957K [0x00000000db000000, 0x00000000eacc0000, 0x0000000100000000)
  eden space 221056K, 100% used [0x00000000db000000,0x00000000e87e0000,0x00000000e87e0000)
  from space 12928K, 99% used [0x00000000e9860000,0x00000000ea4f9508,0x00000000ea500000)
  to   space 16896K, 0% used [0x00000000e87e0000,0x00000000e87e0000,0x00000000e9860000)
 ParOldGen       total 75776K, used 16987K [0x0000000091000000, 0x0000000095a00000, 0x00000000db000000)
  object space 75776K, 22% used [0x0000000091000000,0x0000000092096c68,0x0000000095a00000)
 PSPermGen       total 36416K, used 36276K [0x000000008be00000, 0x000000008e190000, 0x0000000091000000)
  object space 36416K, 99% used [0x000000008be00000,0x000000008e16d100,0x000000008e190000)
Event: 6.044 GC heap after
Heap after GC invocations=9 (full 0):
 PSYoungGen      total 237952K, used 16874K [0x00000000db000000, 0x00000000f3230000, 0x0000000100000000)
  eden space 221056K, 0% used [0x00000000db000000,0x00000000db000000,0x00000000e87e0000)
  from space 16896K, 99% used [0x00000000e87e0000,0x00000000e985a8f0,0x00000000e9860000)
  to   space 20864K, 0% used [0x00000000f1dd0000,0x00000000f1dd0000,0x00000000f3230000)
 ParOldGen       total 75776K, used 21118K [0x0000000091000000, 0x0000000095a00000, 0x00000000db000000)
  object space 75776K, 27% used [0x0000000091000000,0x000000009249faa8,0x0000000095a00000)
 PSPermGen       total 36416K, used 36276K [0x000000008be00000, 0x000000008e190000, 0x0000000091000000)
  object space 36416K, 99% used [0x000000008be00000,0x000000008e16d100,0x000000008e190000)
}
Event: 7.543 GC heap before
{Heap before GC invocations=10 (full 0):
 PSYoungGen      total 237952K, used 237930K [0x00000000db000000, 0x00000000f3230000, 0x0000000100000000)
  eden space 221056K, 100% used [0x00000000db000000,0x00000000e87e0000,0x00000000e87e0000)
  from space 16896K, 99% used [0x00000000e87e0000,0x00000000e985a8f0,0x00000000e9860000)
  to   space 20864K, 0% used [0x00000000f1dd0000,0x00000000f1dd0000,0x00000000f3230000)
 ParOldGen       total 75776K, used 21118K [0x0000000091000000, 0x0000000095a00000, 0x00000000db000000)
  object space 75776K, 27% used [0x0000000091000000,0x000000009249faa8,0x0000000095a00000)
 PSPermGen       total 37760K, used 37615K [0x000000008be00000, 0x000000008e2e0000, 0x0000000091000000)
  object space 37760K, 99% used [0x000000008be00000,0x000000008e2bbc48,0x000000008e2e0000)
Event: 7.559 GC heap after
Heap after GC invocations=10 (full 0):
 PSYoungGen      total 374144K, used 14422K [0x00000000db000000, 0x00000000f3310000, 0x0000000100000000)
  eden space 353280K, 0% used [0x00000000db000000,0x00000000db000000,0x00000000f0900000)
  from space 20864K, 69% used [0x00000000f1dd0000,0x00000000f2be5b18,0x00000000f3230000)
  to   space 21312K, 0% used [0x00000000f0900000,0x00000000f0900000,0x00000000f1dd0000)
 ParOldGen       total 75776K, used 28318K [0x0000000091000000, 0x0000000095a00000, 0x00000000db000000)
  object space 75776K, 37% used [0x0000000091000000,0x0000000092ba7888,0x0000000095a00000)
 PSPermGen       total 37760K, used 37615K [0x000000008be00000, 0x000000008e2e0000, 0x0000000091000000)
  object space 37760K, 99% used [0x000000008be00000,0x000000008e2bbc48,0x000000008e2e0000)
}

Deoptimization events (10 events):
Event: 27.295 Thread 0x0000000010439000 Uncommon trap -89 fr.pc 0x0000000002c7d91c
Event: 27.325 Thread 0x0000000010438800 Uncommon trap -89 fr.pc 0x0000000002c7d91c
Event: 27.337 Thread 0x0000000010438800 Uncommon trap -89 fr.pc 0x0000000002c7d91c
Event: 28.383 Thread 0x000000000db04800 Uncommon trap -89 fr.pc 0x0000000002c7d91c
Event: 28.383 Thread 0x000000000db04800 Uncommon trap -89 fr.pc 0x0000000002c7d91c
Event: 28.383 Thread 0x000000000db04800 Uncommon trap -89 fr.pc 0x0000000002c7d91c
Event: 28.384 Thread 0x000000000db04800 Uncommon trap -89 fr.pc 0x0000000002c7d91c
Event: 28.386 Thread 0x000000000db04800 Uncommon trap -89 fr.pc 0x0000000002b8e250
Event: 35.320 Thread 0x00000000107b7800 Uncommon trap -89 fr.pc 0x0000000002b8e250
Event: 35.323 Thread 0x00000000107b7800 Uncommon trap -122 fr.pc 0x0000000002b27a70

Internal exceptions (10 events):
Event: 27.016 Thread 0x000000000ebcc000 Threw 0x00000000ed335820 at C:\jdk7u1_64p\jdk7u7\hotspot\src\share\vm\prims\jvm.cpp:1166
Event: 27.017 Thread 0x000000000ebcc000 Threw 0x00000000ed335c48 at C:\jdk7u1_64p\jdk7u7\hotspot\src\share\vm\prims\jvm.cpp:1166
Event: 27.018 Thread 0x000000000ebcc000 Threw 0x00000000ed33e338 at C:\jdk7u1_64p\jdk7u7\hotspot\src\share\vm\prims\jvm.cpp:1166
Event: 27.018 Thread 0x000000000ebcc000 Threw 0x00000000ed33e760 at C:\jdk7u1_64p\jdk7u7\hotspot\src\share\vm\prims\jvm.cpp:1166
Event: 27.150 Thread 0x000000000ebcc000 Threw 0x00000000eda09360 at C:\jdk7u1_64p\jdk7u7\hotspot\src\share\vm\prims\jvm.cpp:1166
Event: 27.150 Thread 0x000000000ebcc000 Threw 0x00000000eda09788 at C:\jdk7u1_64p\jdk7u7\hotspot\src\share\vm\prims\jvm.cpp:1166
Event: 27.151 Thread 0x000000000ebcc000 Threw 0x00000000eda11c20 at C:\jdk7u1_64p\jdk7u7\hotspot\src\share\vm\prims\jvm.cpp:1166
Event: 27.151 Thread 0x000000000ebcc000 Threw 0x00000000eda12148 at C:\jdk7u1_64p\jdk7u7\hotspot\src\share\vm\prims\jvm.cpp:1166
Event: 28.387 Thread 0x000000000db04800 Threw 0x00000000ebc9b7c8 at C:\jdk7u1_64p\jdk7u7\hotspot\src\share\vm\prims\jvm.cpp:1166
Event: 35.320 Thread 0x00000000107b7800 Threw 0x00000000ee2feaf0 at C:\jdk7u1_64p\jdk7u7\hotspot\src\share\vm\prims\jvm.cpp:1166

Events (10 events):
Event: 161.653 Executing VM operation: ChangeSingleStep
Event: 161.653 Executing VM operation: ChangeSingleStep done
Event: 161.655 Executing VM operation: GetObjectMonitorUsage
Event: 161.655 Executing VM operation: GetObjectMonitorUsage done
Event: 161.656 Executing VM operation: GetObjectMonitorUsage
Event: 161.656 Executing VM operation: GetObjectMonitorUsage done
Event: 161.958 Executing VM operation: GetOrSetLocal
Event: 161.958 Executing VM operation: GetOrSetLocal done
Event: 162.136 Executing VM operation: GetOrSetLocal
Event: 162.136 Executing VM operation: GetOrSetLocal done


Dynamic libraries:
0x000000013f900000 - 0x000000013f934000 	C:\Program Files\Java\jdk1.7.0_07\bin\javaw.exe
0x0000000076e10000 - 0x0000000076fba000 	C:\Windows\SYSTEM32\ntdll.dll
0x0000000076cf0000 - 0x0000000076e0f000 	C:\Windows\system32\kernel32.dll
0x000007fefcba0000 - 0x000007fefcc0a000 	C:\Windows\system32\KERNELBASE.dll
0x000007fefe370000 - 0x000007fefe44b000 	C:\Windows\system32\ADVAPI32.dll
0x000007fefe2d0000 - 0x000007fefe36f000 	C:\Windows\system32\msvcrt.dll
0x000007fefee60000 - 0x000007fefee7f000 	C:\Windows\SYSTEM32\sechost.dll
0x000007fefd340000 - 0x000007fefd46d000 	C:\Windows\system32\RPCRT4.dll
0x0000000076ab0000 - 0x0000000076baa000 	C:\Windows\system32\USER32.dll
0x000007fefd470000 - 0x000007fefd4d7000 	C:\Windows\system32\GDI32.dll
0x000007fefe9b0000 - 0x000007fefe9be000 	C:\Windows\system32\LPK.dll
0x000007fefd000000 - 0x000007fefd0cb000 	C:\Windows\system32\USP10.dll
0x000007fefb320000 - 0x000007fefb514000 	C:\Windows\WinSxS\amd64_microsoft.windows.common-controls_6595b64144ccf1df_6.0.7601.18837_none_fa3b1e3d17594757\COMCTL32.dll
0x000007fefe450000 - 0x000007fefe4c1000 	C:\Windows\system32\SHLWAPI.dll
0x000007fefcfa0000 - 0x000007fefcfce000 	C:\Windows\system32\IMM32.DLL
0x000007fefee80000 - 0x000007fefef89000 	C:\Windows\system32\MSCTF.dll
0x0000000064930000 - 0x0000000064a01000 	C:\Program Files\Java\jdk1.7.0_07\jre\bin\msvcr100.dll
0x0000000063980000 - 0x000000006409f000 	C:\Program Files\Java\jdk1.7.0_07\jre\bin\server\jvm.dll
0x000007fef91d0000 - 0x000007fef91d9000 	C:\Windows\system32\WSOCK32.dll
0x000007fefec60000 - 0x000007fefecad000 	C:\Windows\system32\WS2_32.dll
0x000007fefcfd0000 - 0x000007fefcfd8000 	C:\Windows\system32\NSI.dll
0x000007fefccf0000 - 0x000007fefcd2b000 	C:\Windows\system32\WINMM.dll
0x0000000076fd0000 - 0x0000000076fd7000 	C:\Windows\system32\PSAPI.DLL
0x000000006b030000 - 0x000000006b03f000 	C:\Program Files\Java\jdk1.7.0_07\jre\bin\verify.dll
0x0000000067dc0000 - 0x0000000067de8000 	C:\Program Files\Java\jdk1.7.0_07\jre\bin\java.dll
0x0000000067ca0000 - 0x0000000067cd5000 	C:\Program Files\Java\jdk1.7.0_07\jre\bin\jdwp.dll
0x000000006b000000 - 0x000000006b008000 	C:\Program Files\Java\jdk1.7.0_07\jre\bin\npt.dll
0x0000000067d00000 - 0x0000000067d15000 	C:\Program Files\Java\jdk1.7.0_07\jre\bin\zip.dll
0x000000006b010000 - 0x000000006b019000 	C:\Program Files\Java\jdk1.7.0_07\jre\bin\dt_socket.dll
0x000007fefad00000 - 0x000007fefad15000 	C:\Windows\system32\NLAapi.dll
0x000007fef9210000 - 0x000007fef9225000 	C:\Windows\system32\napinsp.dll
0x000007fef91f0000 - 0x000007fef9209000 	C:\Windows\system32\pnrpnsp.dll
0x000007fefc2e0000 - 0x000007fefc335000 	C:\Windows\System32\mswsock.dll
0x000007fefc160000 - 0x000007fefc1bb000 	C:\Windows\system32\DNSAPI.dll
0x000007fef91e0000 - 0x000007fef91eb000 	C:\Windows\System32\winrnr.dll
0x000007fefa210000 - 0x000007fefa237000 	C:\Windows\system32\IPHLPAPI.DLL
0x000007fefa200000 - 0x000007fefa20b000 	C:\Windows\system32\WINNSI.DLL
0x000007fefa090000 - 0x000007fefa0e3000 	C:\Windows\System32\fwpuclnt.dll
0x000007fef8530000 - 0x000007fef8538000 	C:\Windows\system32\rasadhlp.dll
0x000007fefbce0000 - 0x000007fefbce7000 	C:\Windows\System32\wshtcpip.dll
0x0000000067ce0000 - 0x0000000067cf9000 	C:\Program Files\Java\jdk1.7.0_07\jre\bin\net.dll
0x000007fefc2d0000 - 0x000007fefc2d7000 	C:\Windows\System32\wship6.dll
0x0000000067c80000 - 0x0000000067c91000 	C:\Program Files\Java\jdk1.7.0_07\jre\bin\nio.dll
0x0000000066d60000 - 0x0000000066d6b000 	C:\Program Files\Java\jdk1.7.0_07\jre\bin\management.dll
0x000007fefc340000 - 0x000007fefc358000 	C:\Windows\system32\CRYPTSP.dll
0x000007fefc040000 - 0x000007fefc087000 	C:\Windows\system32\rsaenh.dll
0x000007fefbdf0000 - 0x000007fefbe0e000 	C:\Windows\system32\USERENV.dll
0x000007fefcaf0000 - 0x000007fefcaff000 	C:\Windows\system32\profapi.dll
0x000007fefc9e0000 - 0x000007fefc9ef000 	C:\Windows\system32\CRYPTBASE.dll
0x000007fef9230000 - 0x000007fef9355000 	C:\Windows\system32\dbghelp.dll

VM Arguments:
jvm_args: -agentlib:jdwp=transport=dt_socket,suspend=y,address=localhost:1278 -Dfile.encoding=UTF-8 
java_command: cn.tarena.book.StartBookApplication
Launcher Type: SUN_STANDARD

Environment Variables:
JAVA_HOME=C:\Program Files\Java\jdk1.7.0_07
CLASSPATH=.
PATH=C:\Program Files\Java\jdk1.7.0_07\jre\bin;C:/Program Files/Java/jre1.8.0_152/bin/server;C:/Program Files/Java/jre1.8.0_152/bin;C:/Program Files/Java/jre1.8.0_152/lib/amd64;D:\Tools\apache-maven-3.3.1\bin;C:\ProgramData\Oracle\Java\javapath;C:\Program Files\Java\jdk1.7.0_07\bin;C:\Program Files\Java\jre7\bin;;C:\Windows\system32;C:\Windows;C:\Windows\system32\wbem;C:\Program Files\MySQL\MySQL Server 5.5\bin;D:\Program Files (x86)\MySQL\bin;D:\MySQL\bin;C:\Users\tarena\Downloads\eclipse;
USERNAME=tarena
OS=Windows_NT
PROCESSOR_IDENTIFIER=Intel64 Family 6 Model 60 Stepping 3, GenuineIntel



---------------  S Y S T E M  ---------------

OS: Windows 7 , 64 bit Build 7601 Service Pack 1

CPU:total 4 (2 cores per cpu, 2 threads per core) family 6 model 60 stepping 3, cmov, cx8, fxsr, mmx, sse, sse2, sse3, ssse3, sse4.1, sse4.2, popcnt, avx, avx2, ht, tsc, tscinvbit

Memory: 4k page, physical 7270560k(3279308k free), swap 14539260k(8923084k free)

vm_info: Java HotSpot(TM) 64-Bit Server VM (23.3-b01) for windows-amd64 JRE (1.7.0_07-b10), built on Aug 28 2012 18:28:27 by "java_re" with unknown MS VC++:1600

time: Tue Nov 28 14:39:29 2017
elapsed time: 162 seconds

