#
# A fatal error has been detected by the Java Runtime Environment:
#
#  EXCEPTION_ACCESS_VIOLATION (0xc0000005) at pc=0x0000000077918f19, pid=11020, tid=8248
#
# JRE version: 7.0_07-b10
# Java VM: Java HotSpot(TM) 64-Bit Server VM (23.3-b01 mixed mode windows-amd64 compressed oops)
# Problematic frame:
# V  [jvm.dll+0x38f19]
#
# Failed to write core dump. Minidumps are not enabled by default on client versions of Windows
#
# If you would like to submit a bug report, please visit:
#   http://bugreport.sun.com/bugreport/crash.jsp
#

---------------  T H R E A D  ---------------

Current thread (0x000000000b2a2800):  JavaThread "JDWP Transport Listener: dt_socket" daemon [_thread_in_vm, id=8248, stack(0x000000000cde0000,0x000000000cee0000)]

siginfo: ExceptionCode=0xc0000005, reading address 0x000000000000000c

Registers:
RAX=0x000000000000000c, RBX=0x000000000b2a2800, RCX=0x0000000000000000, RDX=0x0000000000000000
RSP=0x000000000cedf740, RBP=0x000000000000000c, RSI=0x0000000000000000, RDI=0x0000000000000010
R8 =0x00000000e5f46668, R9 =0x0000000000000000, R10=0x0000000000000000, R11=0x0000000000000001
R12=0x0000000000000000, R13=0x0000000000000000, R14=0x0000000000000000, R15=0x0000000000000000
RIP=0x0000000077918f19, EFLAGS=0x0000000000010246

Top of Stack: (sp=0x000000000cedf740)
0x000000000cedf740:   000000000b2a2800 0000000000000000
0x000000000cedf750:   0000000000000000 000000000b2a2800
0x000000000cedf760:   0000000000000000 00000000779d76b4
0x000000000cedf770:   00000000e5f46668 000000000cedf890
0x000000000cedf780:   000000000265e288 000000000cedf860
0x000000000cedf790:   000000000b2a2800 0000000000000000
0x000000000cedf7a0:   000000000265e288 000000000cedf890
0x000000000cedf7b0:   0000000000000000 0000000000000000
0x000000000cedf7c0:   000000000b2a29d8 0000000055377d15
0x000000000cedf7d0:   000000000cedf860 000000000cedf890
0x000000000cedf7e0:   000000000265e288 000000000b2a29d8
0x000000000cedf7f0:   0000000010149d0a 000000005537f09c
0x000000000cedf800:   0000000077010a01 000000000cedf900
0x000000000cedf810:   000000000b296a01 000000000b296a01
0x000000000cedf820:   000113f300000013 0000000077010a00
0x000000000cedf830:   000000000f75d430 000000000b2a5840 

Instructions: (pc=0x0000000077918f19)
0x0000000077918ef9:   d2 48 8b c5 eb 18 48 8b d0 48 8b c5 48 d3 e2 48
0x0000000077918f09:   03 15 01 16 62 00 eb 06 48 8b 12 48 8b c7 48 98
0x0000000077918f19:   8b 14 10 85 d2 74 2a 45 84 db 4c 63 c6 48 0f 45
0x0000000077918f29:   fd 8d 47 0b 48 63 c8 48 83 e1 f8 48 c1 e9 03 8d 


Register to memory mapping:

RAX=0x000000000000000c is an unknown value
RBX=0x000000000b2a2800 is a thread
RCX=0x0000000000000000 is an unknown value
RDX=0x0000000000000000 is an unknown value
RSP=0x000000000cedf740 is pointing into the stack for thread: 0x000000000b2a2800
RBP=0x000000000000000c is an unknown value
RSI=0x0000000000000000 is an unknown value
RDI=0x0000000000000010 is an unknown value
R8 =0x00000000e5f46668 is an oop
java.lang.String 
 - klass: 'java/lang/String'
R9 =0x0000000000000000 is an unknown value
R10=0x0000000000000000 is an unknown value
R11=0x0000000000000001 is an unknown value
R12=0x0000000000000000 is an unknown value
R13=0x0000000000000000 is an unknown value
R14=0x0000000000000000 is an unknown value
R15=0x0000000000000000 is an unknown value


Stack: [0x000000000cde0000,0x000000000cee0000],  sp=0x000000000cedf740,  free space=1021k
Native frames: (J=compiled Java code, j=interpreted, Vv=VM code, C=native code)
V  [jvm.dll+0x38f19]


---------------  P R O C E S S  ---------------

Java Threads: ( => current thread )
  0x000000000de65800 JavaThread "Abandoned connection cleanup thread" daemon [_thread_blocked, id=7044, stack(0x00000000119c0000,0x0000000011ac0000)]
  0x00000000109ee800 JavaThread "Tomcat JDBC Pool Cleaner[1415493448:1511919667863]" daemon [_thread_blocked, id=10816, stack(0x0000000012ab0000,0x0000000012bb0000)]
  0x00000000109ed800 JavaThread "DestroyJavaVM" [_thread_blocked, id=10496, stack(0x0000000002920000,0x0000000002a20000)]
  0x00000000109ed000 JavaThread "http-nio-8090-AsyncTimeout" daemon [_thread_blocked, id=10740, stack(0x0000000012850000,0x0000000012950000)]
  0x00000000109ec000 JavaThread "http-nio-8090-Acceptor-0" daemon [_thread_in_native, id=10188, stack(0x0000000012720000,0x0000000012820000)]
  0x00000000109eb800 JavaThread "http-nio-8090-ClientPoller-1" daemon [_thread_in_native, id=4592, stack(0x0000000012540000,0x0000000012640000)]
  0x00000000109ea800 JavaThread "http-nio-8090-ClientPoller-0" daemon [_thread_in_native, id=10420, stack(0x00000000123e0000,0x00000000124e0000)]
  0x00000000109ea000 JavaThread "http-nio-8090-exec-10" daemon [_thread_blocked, id=4704, stack(0x0000000012150000,0x0000000012250000)]
  0x00000000109e9000 JavaThread "http-nio-8090-exec-9" daemon [_thread_blocked, id=10940, stack(0x0000000012250000,0x0000000012350000)]
  0x00000000109e8800 JavaThread "http-nio-8090-exec-8" daemon [_thread_blocked, id=10436, stack(0x000000000cee0000,0x000000000cfe0000)]
  0x00000000109e7800 JavaThread "http-nio-8090-exec-7" daemon [_thread_blocked, id=8952, stack(0x000000000d8f0000,0x000000000d9f0000)]
  0x000000000db51000 JavaThread "http-nio-8090-exec-6" daemon [_thread_blocked, id=7596, stack(0x0000000012010000,0x0000000012110000)]
  0x000000000db50000 JavaThread "http-nio-8090-exec-5" daemon [_thread_blocked, id=5256, stack(0x0000000011e70000,0x0000000011f70000)]
  0x000000000f8c9800 JavaThread "http-nio-8090-exec-4" daemon [_thread_blocked, id=5064, stack(0x0000000011c50000,0x0000000011d50000)]
  0x0000000010750800 JavaThread "http-nio-8090-exec-3" daemon [_thread_blocked, id=3176, stack(0x0000000011d50000,0x0000000011e50000)]
  0x000000000d695000 JavaThread "http-nio-8090-exec-2" daemon [_thread_blocked, id=4648, stack(0x0000000011af0000,0x0000000011bf0000)]
  0x000000000f127800 JavaThread "http-nio-8090-exec-1" daemon [_thread_blocked, id=9280, stack(0x000000000f420000,0x000000000f520000)]
  0x00000000101b1000 JavaThread "NioBlockingSelector.BlockPoller-1" daemon [_thread_in_native, id=7780, stack(0x0000000011710000,0x0000000011810000)]
  0x000000000e987800 JavaThread "container-0" [_thread_blocked, id=8760, stack(0x000000000e2f0000,0x000000000e3f0000)]
  0x000000000feff000 JavaThread "ContainerBackgroundProcessor[StandardEngine[Tomcat]]" daemon [_thread_blocked, id=10860, stack(0x00000000118c0000,0x00000000119c0000)]
  0x000000000b2c6000 JavaThread "Service Thread" daemon [_thread_blocked, id=9208, stack(0x000000000d190000,0x000000000d290000)]
  0x000000000b2c4800 JavaThread "C2 CompilerThread1" daemon [_thread_blocked, id=4416, stack(0x000000000d3c0000,0x000000000d4c0000)]
  0x000000000b2bc800 JavaThread "C2 CompilerThread0" daemon [_thread_blocked, id=10172, stack(0x000000000d290000,0x000000000d390000)]
  0x000000000b2b9800 JavaThread "JDWP Command Reader" daemon [_thread_in_native, id=7208, stack(0x000000000cfe0000,0x000000000d0e0000)]
  0x000000000b2ac800 JavaThread "JDWP Event Helper Thread" daemon [_thread_blocked, id=8396, stack(0x000000000cca0000,0x000000000cda0000)]
=>0x000000000b2a2800 JavaThread "JDWP Transport Listener: dt_socket" daemon [_thread_in_vm, id=8248, stack(0x000000000cde0000,0x000000000cee0000)]
  0x000000000b29c000 JavaThread "Attach Listener" daemon [_thread_blocked, id=9448, stack(0x000000000c640000,0x000000000c740000)]
  0x000000000b295000 JavaThread "Signal Dispatcher" daemon [_thread_blocked, id=3920, stack(0x000000000c490000,0x000000000c590000)]
  0x0000000002656800 JavaThread "Finalizer" daemon [_thread_blocked, id=7516, stack(0x000000000bfc0000,0x000000000c0c0000)]
  0x0000000002655000 JavaThread "Reference Handler" daemon [_thread_blocked, id=8228, stack(0x000000000c260000,0x000000000c360000)]

Other Threads:
  0x000000000b1f2800 VMThread [stack: 0x000000000c130000,0x000000000c230000] [id=5564]
  0x000000000d4f8800 WatcherThread [stack: 0x000000000d9f0000,0x000000000daf0000] [id=5672]

VM state:not at safepoint (normal execution)

VM Mutex/Monitor currently owned by a thread: None

Heap
 PSYoungGen      total 374272K, used 366051K [0x00000000db000000, 0x00000000f3340000, 0x0000000100000000)
  eden space 353344K, 99% used [0x00000000db000000,0x00000000f076b318,0x00000000f0910000)
  from space 20928K, 68% used [0x00000000f1df0000,0x00000000f2bfdb18,0x00000000f3260000)
  to   space 21376K, 0% used [0x00000000f0910000,0x00000000f0910000,0x00000000f1df0000)
 ParOldGen       total 75776K, used 28636K [0x0000000091000000, 0x0000000095a00000, 0x00000000db000000)
  object space 75776K, 37% used [0x0000000091000000,0x0000000092bf73d8,0x0000000095a00000)
 PSPermGen       total 51584K, used 51500K [0x000000008be00000, 0x000000008f060000, 0x0000000091000000)
  object space 51584K, 99% used [0x000000008be00000,0x000000008f04b018,0x000000008f060000)

Card table byte_map: [0x0000000005a20000,0x0000000005dd0000] byte_map_base: 0x00000000055c1000

Polling page: 0x0000000000130000

Code Cache  [0x0000000002a20000, 0x0000000002e20000, 0x0000000005a20000)
 total_blobs=1423 nmethods=976 adapters=405 free_code_cache=45198Kb largest_free_block=46187840

Compilation events (10 events):
Event: 67.785 Thread 0x000000000b2bc800 nmethod 1045 0x0000000002bff0d0 code [0x0000000002bff220, 0x0000000002bff678]
Event: 67.785 Thread 0x000000000b2bc800 1046             org.eclipse.jdt.internal.compiler.codegen.CodeStream::insertionIndex (90 bytes)
Event: 67.788 Thread 0x000000000b2bc800 nmethod 1046 0x0000000002c22710 code [0x0000000002c22860, 0x0000000002c22a78]
Event: 67.788 Thread 0x000000000b2bc800 1047             org.eclipse.jdt.internal.compiler.ClassFile::retrieveLocal (126 bytes)
Event: 67.793 Thread 0x000000000b2bc800 nmethod 1047 0x0000000002bfe650 code [0x0000000002bfe7c0, 0x0000000002bfecd8]
Event: 67.793 Thread 0x000000000b2bc800 1048             org.eclipse.jdt.internal.compiler.ClassFile::u2At (29 bytes)
Event: 67.794 Thread 0x000000000b2bc800 nmethod 1048 0x0000000002bfe2d0 code [0x0000000002bfe420, 0x0000000002bfe538]
Event: 67.801 Thread 0x000000000b2c4800 nmethod 1041 0x0000000002e0ae50 code [0x0000000002e0b240, 0x0000000002e0f070]
Event: 67.853 Thread 0x000000000b2bc800 1049             org.springframework.util.MimeType::checkToken (74 bytes)
Event: 67.858 Thread 0x000000000b2bc800 nmethod 1049 0x0000000002d63c10 code [0x0000000002d63d60, 0x0000000002d64018]

GC Heap History (10 events):
Event: 3.064 GC heap before
{Heap before GC invocations=6 (full 0):
 PSYoungGen      total 61568K, used 61560K [0x00000000db000000, 0x00000000e30e0000, 0x0000000100000000)
  eden space 56832K, 100% used [0x00000000db000000,0x00000000de780000,0x00000000de780000)
  from space 4736K, 99% used [0x00000000de780000,0x00000000dec1e030,0x00000000dec20000)
  to   space 9152K, 0% used [0x00000000e27f0000,0x00000000e27f0000,0x00000000e30e0000)
 ParOldGen       total 75776K, used 8822K [0x0000000091000000, 0x0000000095a00000, 0x00000000db000000)
  object space 75776K, 11% used [0x0000000091000000,0x000000009189dae8,0x0000000095a00000)
 PSPermGen       total 24512K, used 24484K [0x000000008be00000, 0x000000008d5f0000, 0x0000000091000000)
  object space 24512K, 99% used [0x000000008be00000,0x000000008d5e9050,0x000000008d5f0000)
Event: 3.078 GC heap after
Heap after GC invocations=6 (full 0):
 PSYoungGen      total 121728K, used 9140K [0x00000000db000000, 0x00000000e3300000, 0x0000000100000000)
  eden space 112576K, 0% used [0x00000000db000000,0x00000000db000000,0x00000000e1df0000)
  from space 9152K, 99% used [0x00000000e27f0000,0x00000000e30dd3d8,0x00000000e30e0000)
  to   space 10240K, 0% used [0x00000000e1df0000,0x00000000e1df0000,0x00000000e27f0000)
 ParOldGen       total 75776K, used 8854K [0x0000000091000000, 0x0000000095a00000, 0x00000000db000000)
  object space 75776K, 11% used [0x0000000091000000,0x00000000918a5bd0,0x0000000095a00000)
 PSPermGen       total 24512K, used 24484K [0x000000008be00000, 0x000000008d5f0000, 0x0000000091000000)
  object space 24512K, 99% used [0x000000008be00000,0x000000008d5e9050,0x000000008d5f0000)
}
Event: 4.052 GC heap before
{Heap before GC invocations=7 (full 0):
 PSYoungGen      total 121728K, used 121716K [0x00000000db000000, 0x00000000e3300000, 0x0000000100000000)
  eden space 112576K, 100% used [0x00000000db000000,0x00000000e1df0000,0x00000000e1df0000)
  from space 9152K, 99% used [0x00000000e27f0000,0x00000000e30dd3d8,0x00000000e30e0000)
  to   space 10240K, 0% used [0x00000000e1df0000,0x00000000e1df0000,0x00000000e27f0000)
 ParOldGen       total 75776K, used 8854K [0x0000000091000000, 0x0000000095a00000, 0x00000000db000000)
  object space 75776K, 11% used [0x0000000091000000,0x00000000918a5bd0,0x0000000095a00000)
 PSPermGen       total 31232K, used 31199K [0x000000008be00000, 0x000000008dc80000, 0x0000000091000000)
  object space 31232K, 99% used [0x000000008be00000,0x000000008dc77f80,0x000000008dc80000)
Event: 4.070 GC heap after
Heap after GC invocations=7 (full 0):
 PSYoungGen      total 122816K, used 10219K [0x00000000db000000, 0x00000000ea500000, 0x0000000100000000)
  eden space 112576K, 0% used [0x00000000db000000,0x00000000db000000,0x00000000e1df0000)
  from space 10240K, 99% used [0x00000000e1df0000,0x00000000e27eace0,0x00000000e27f0000)
  to   space 12864K, 0% used [0x00000000e9870000,0x00000000e9870000,0x00000000ea500000)
 ParOldGen       total 75776K, used 11722K [0x0000000091000000, 0x0000000095a00000, 0x00000000db000000)
  object space 75776K, 15% used [0x0000000091000000,0x0000000091b72918,0x0000000095a00000)
 PSPermGen       total 31232K, used 31199K [0x000000008be00000, 0x000000008dc80000, 0x0000000091000000)
  object space 31232K, 99% used [0x000000008be00000,0x000000008dc77f80,0x000000008dc80000)
}
Event: 5.410 GC heap before
{Heap before GC invocations=8 (full 0):
 PSYoungGen      total 122816K, used 122795K [0x00000000db000000, 0x00000000ea500000, 0x0000000100000000)
  eden space 112576K, 100% used [0x00000000db000000,0x00000000e1df0000,0x00000000e1df0000)
  from space 10240K, 99% used [0x00000000e1df0000,0x00000000e27eace0,0x00000000e27f0000)
  to   space 12864K, 0% used [0x00000000e9870000,0x00000000e9870000,0x00000000ea500000)
 ParOldGen       total 75776K, used 11722K [0x0000000091000000, 0x0000000095a00000, 0x00000000db000000)
  object space 75776K, 15% used [0x0000000091000000,0x0000000091b72918,0x0000000095a00000)
 PSPermGen       total 35072K, used 35001K [0x000000008be00000, 0x000000008e040000, 0x0000000091000000)
  object space 35072K, 99% used [0x000000008be00000,0x000000008e02e7d0,0x000000008e040000)
Event: 5.431 GC heap after
Heap after GC invocations=8 (full 0):
 PSYoungGen      total 233984K, used 12858K [0x00000000db000000, 0x00000000eace0000, 0x0000000100000000)
  eden space 221120K, 0% used [0x00000000db000000,0x00000000db000000,0x00000000e87f0000)
  from space 12864K, 99% used [0x00000000e9870000,0x00000000ea4fea78,0x00000000ea500000)
  to   space 16896K, 0% used [0x00000000e87f0000,0x00000000e87f0000,0x00000000e9870000)
 ParOldGen       total 75776K, used 17240K [0x0000000091000000, 0x0000000095a00000, 0x00000000db000000)
  object space 75776K, 22% used [0x0000000091000000,0x00000000920d6260,0x0000000095a00000)
 PSPermGen       total 35072K, used 35001K [0x000000008be00000, 0x000000008e040000, 0x0000000091000000)
  object space 35072K, 99% used [0x000000008be00000,0x000000008e02e7d0,0x000000008e040000)
}
Event: 7.065 GC heap before
{Heap before GC invocations=9 (full 0):
 PSYoungGen      total 233984K, used 233978K [0x00000000db000000, 0x00000000eace0000, 0x0000000100000000)
  eden space 221120K, 100% used [0x00000000db000000,0x00000000e87f0000,0x00000000e87f0000)
  from space 12864K, 99% used [0x00000000e9870000,0x00000000ea4fea78,0x00000000ea500000)
  to   space 16896K, 0% used [0x00000000e87f0000,0x00000000e87f0000,0x00000000e9870000)
 ParOldGen       total 75776K, used 17240K [0x0000000091000000, 0x0000000095a00000, 0x00000000db000000)
  object space 75776K, 22% used [0x0000000091000000,0x00000000920d6260,0x0000000095a00000)
 PSPermGen       total 36416K, used 36276K [0x000000008be00000, 0x000000008e190000, 0x0000000091000000)
  object space 36416K, 99% used [0x000000008be00000,0x000000008e16d180,0x000000008e190000)
Event: 7.084 GC heap after
Heap after GC invocations=9 (full 0):
 PSYoungGen      total 238016K, used 16882K [0x00000000db000000, 0x00000000f3260000, 0x0000000100000000)
  eden space 221120K, 0% used [0x00000000db000000,0x00000000db000000,0x00000000e87f0000)
  from space 16896K, 99% used [0x00000000e87f0000,0x00000000e986c9b0,0x00000000e9870000)
  to   space 20928K, 0% used [0x00000000f1df0000,0x00000000f1df0000,0x00000000f3260000)
 ParOldGen       total 75776K, used 21440K [0x0000000091000000, 0x0000000095a00000, 0x00000000db000000)
  object space 75776K, 28% used [0x0000000091000000,0x00000000924f03d8,0x0000000095a00000)
 PSPermGen       total 36416K, used 36276K [0x000000008be00000, 0x000000008e190000, 0x0000000091000000)
  object space 36416K, 99% used [0x000000008be00000,0x000000008e16d180,0x000000008e190000)
}
Event: 8.950 GC heap before
{Heap before GC invocations=10 (full 0):
 PSYoungGen      total 238016K, used 238002K [0x00000000db000000, 0x00000000f3260000, 0x0000000100000000)
  eden space 221120K, 100% used [0x00000000db000000,0x00000000e87f0000,0x00000000e87f0000)
  from space 16896K, 99% used [0x00000000e87f0000,0x00000000e986c9b0,0x00000000e9870000)
  to   space 20928K, 0% used [0x00000000f1df0000,0x00000000f1df0000,0x00000000f3260000)
 ParOldGen       total 75776K, used 21440K [0x0000000091000000, 0x0000000095a00000, 0x00000000db000000)
  object space 75776K, 28% used [0x0000000091000000,0x00000000924f03d8,0x0000000095a00000)
 PSPermGen       total 37760K, used 37631K [0x000000008be00000, 0x000000008e2e0000, 0x0000000091000000)
  object space 37760K, 99% used [0x000000008be00000,0x000000008e2bff88,0x000000008e2e0000)
Event: 8.979 GC heap after
Heap after GC invocations=10 (full 0):
 PSYoungGen      total 374272K, used 14390K [0x00000000db000000, 0x00000000f3340000, 0x0000000100000000)
  eden space 353344K, 0% used [0x00000000db000000,0x00000000db000000,0x00000000f0910000)
  from space 20928K, 68% used [0x00000000f1df0000,0x00000000f2bfdb18,0x00000000f3260000)
  to   space 21376K, 0% used [0x00000000f0910000,0x00000000f0910000,0x00000000f1df0000)
 ParOldGen       total 75776K, used 28636K [0x0000000091000000, 0x0000000095a00000, 0x00000000db000000)
  object space 75776K, 37% used [0x0000000091000000,0x0000000092bf73d8,0x0000000095a00000)
 PSPermGen       total 37760K, used 37631K [0x000000008be00000, 0x000000008e2e0000, 0x0000000091000000)
  object space 37760K, 99% used [0x000000008be00000,0x000000008e2bff88,0x000000008e2e0000)
}

Deoptimization events (10 events):
Event: 67.512 Thread 0x000000000db51000 Uncommon trap -89 fr.pc 0x0000000002d18418
Event: 67.512 Thread 0x000000000db51000 Uncommon trap -89 fr.pc 0x0000000002b0d894
Event: 67.512 Thread 0x000000000db51000 Uncommon trap -89 fr.pc 0x0000000002b0d894
Event: 67.530 Thread 0x000000000db51000 Uncommon trap -89 fr.pc 0x0000000002b3cfd0
Event: 67.565 Thread 0x000000000db51000 Uncommon trap -25 fr.pc 0x0000000002ccffcc
Event: 67.711 Thread 0x000000000db51000 Uncommon trap -42 fr.pc 0x0000000002c231f8
Event: 67.753 Thread 0x000000000db51000 Uncommon trap -42 fr.pc 0x0000000002c2328c
Event: 67.814 Thread 0x000000000d695000 Uncommon trap -89 fr.pc 0x0000000002d18418
Event: 67.854 Thread 0x00000000109ea000 Uncommon trap -89 fr.pc 0x0000000002d18418
Event: 67.854 Thread 0x0000000010750800 Uncommon trap -89 fr.pc 0x0000000002d18418

Internal exceptions (10 events):
Event: 67.568 Thread 0x000000000db51000 Threw 0x00000000efb68130 at C:\jdk7u1_64p\jdk7u7\hotspot\src\share\vm\prims\jvm.cpp:1166
Event: 67.568 Thread 0x000000000db51000 Threw 0x00000000efb68558 at C:\jdk7u1_64p\jdk7u7\hotspot\src\share\vm\prims\jvm.cpp:1166
Event: 67.592 Thread 0x000000000db51000 Threw 0x00000000efc012d8 at C:\jdk7u1_64p\jdk7u7\hotspot\src\share\vm\prims\jvm.cpp:1166
Event: 67.592 Thread 0x000000000db51000 Threw 0x00000000efc01700 at C:\jdk7u1_64p\jdk7u7\hotspot\src\share\vm\prims\jvm.cpp:1166
Event: 67.593 Thread 0x000000000db51000 Threw 0x00000000efc09cf8 at C:\jdk7u1_64p\jdk7u7\hotspot\src\share\vm\prims\jvm.cpp:1166
Event: 67.593 Thread 0x000000000db51000 Threw 0x00000000efc0a120 at C:\jdk7u1_64p\jdk7u7\hotspot\src\share\vm\prims\jvm.cpp:1166
Event: 67.690 Thread 0x000000000db51000 Threw 0x00000000f02d4970 at C:\jdk7u1_64p\jdk7u7\hotspot\src\share\vm\prims\jvm.cpp:1166
Event: 67.690 Thread 0x000000000db51000 Threw 0x00000000f02d4d98 at C:\jdk7u1_64p\jdk7u7\hotspot\src\share\vm\prims\jvm.cpp:1166
Event: 67.691 Thread 0x000000000db51000 Threw 0x00000000f02dd230 at C:\jdk7u1_64p\jdk7u7\hotspot\src\share\vm\prims\jvm.cpp:1166
Event: 67.691 Thread 0x000000000db51000 Threw 0x00000000f02dd758 at C:\jdk7u1_64p\jdk7u7\hotspot\src\share\vm\prims\jvm.cpp:1166

Events (10 events):
Event: 125.980 Executing VM operation: ChangeSingleStep
Event: 125.980 Executing VM operation: ChangeSingleStep done
Event: 125.980 Executing VM operation: GetOrSetLocal
Event: 125.980 Executing VM operation: GetOrSetLocal done
Event: 125.982 Executing VM operation: GetOrSetLocal
Event: 125.982 Executing VM operation: GetOrSetLocal done
Event: 125.983 Executing VM operation: GetOrSetLocal
Event: 125.983 Executing VM operation: GetOrSetLocal done
Event: 125.983 Executing VM operation: ChangeSingleStep
Event: 125.983 Executing VM operation: ChangeSingleStep done


Dynamic libraries:
0x000000013fc80000 - 0x000000013fcb4000 	C:\Program Files\Java\jdk1.7.0_07\bin\javaw.exe
0x0000000076e10000 - 0x0000000076fba000 	C:\Windows\SYSTEM32\ntdll.dll
0x0000000076cf0000 - 0x0000000076e0f000 	C:\Windows\system32\kernel32.dll
0x000007fefcba0000 - 0x000007fefcc0a000 	C:\Windows\system32\KERNELBASE.dll
0x000007fefe370000 - 0x000007fefe44b000 	C:\Windows\system32\ADVAPI32.dll
0x000007fefe2d0000 - 0x000007fefe36f000 	C:\Windows\system32\msvcrt.dll
0x000007fefee60000 - 0x000007fefee7f000 	C:\Windows\SYSTEM32\sechost.dll
0x000007fefd340000 - 0x000007fefd46d000 	C:\Windows\system32\RPCRT4.dll
0x0000000076ab0000 - 0x0000000076baa000 	C:\Windows\system32\USER32.dll
0x000007fefd470000 - 0x000007fefd4d7000 	C:\Windows\system32\GDI32.dll
0x000007fefe9b0000 - 0x000007fefe9be000 	C:\Windows\system32\LPK.dll
0x000007fefd000000 - 0x000007fefd0cb000 	C:\Windows\system32\USP10.dll
0x000007fefb320000 - 0x000007fefb514000 	C:\Windows\WinSxS\amd64_microsoft.windows.common-controls_6595b64144ccf1df_6.0.7601.18837_none_fa3b1e3d17594757\COMCTL32.dll
0x000007fefe450000 - 0x000007fefe4c1000 	C:\Windows\system32\SHLWAPI.dll
0x000007fefcfa0000 - 0x000007fefcfce000 	C:\Windows\system32\IMM32.DLL
0x000007fefee80000 - 0x000007fefef89000 	C:\Windows\system32\MSCTF.dll
0x00000000551f0000 - 0x00000000552c1000 	C:\Program Files\Java\jdk1.7.0_07\jre\bin\msvcr100.dll
0x00000000778e0000 - 0x0000000077fff000 	C:\Program Files\Java\jdk1.7.0_07\jre\bin\server\jvm.dll
0x000007fef91d0000 - 0x000007fef91d9000 	C:\Windows\system32\WSOCK32.dll
0x000007fefec60000 - 0x000007fefecad000 	C:\Windows\system32\WS2_32.dll
0x000007fefcfd0000 - 0x000007fefcfd8000 	C:\Windows\system32\NSI.dll
0x000007fefccf0000 - 0x000007fefcd2b000 	C:\Windows\system32\WINMM.dll
0x0000000076fd0000 - 0x0000000076fd7000 	C:\Windows\system32\PSAPI.DLL
0x00000000650f0000 - 0x00000000650ff000 	C:\Program Files\Java\jdk1.7.0_07\jre\bin\verify.dll
0x00000000558d0000 - 0x00000000558f8000 	C:\Program Files\Java\jdk1.7.0_07\jre\bin\java.dll
0x0000000055370000 - 0x00000000553a5000 	C:\Program Files\Java\jdk1.7.0_07\jre\bin\jdwp.dll
0x0000000058140000 - 0x0000000058148000 	C:\Program Files\Java\jdk1.7.0_07\jre\bin\npt.dll
0x0000000055950000 - 0x0000000055965000 	C:\Program Files\Java\jdk1.7.0_07\jre\bin\zip.dll
0x0000000055990000 - 0x0000000055999000 	C:\Program Files\Java\jdk1.7.0_07\jre\bin\dt_socket.dll
0x000007fefad00000 - 0x000007fefad15000 	C:\Windows\system32\NLAapi.dll
0x000007fef9210000 - 0x000007fef9225000 	C:\Windows\system32\napinsp.dll
0x000007fef91f0000 - 0x000007fef9209000 	C:\Windows\system32\pnrpnsp.dll
0x000007fefc2e0000 - 0x000007fefc335000 	C:\Windows\System32\mswsock.dll
0x000007fefc160000 - 0x000007fefc1bb000 	C:\Windows\system32\DNSAPI.dll
0x000007fef91e0000 - 0x000007fef91eb000 	C:\Windows\System32\winrnr.dll
0x000007fefa210000 - 0x000007fefa237000 	C:\Windows\system32\IPHLPAPI.DLL
0x000007fefa200000 - 0x000007fefa20b000 	C:\Windows\system32\WINNSI.DLL
0x000007fefa090000 - 0x000007fefa0e3000 	C:\Windows\System32\fwpuclnt.dll
0x000007fef8530000 - 0x000007fef8538000 	C:\Windows\system32\rasadhlp.dll
0x000007fefbce0000 - 0x000007fefbce7000 	C:\Windows\System32\wshtcpip.dll
0x0000000055350000 - 0x0000000055369000 	C:\Program Files\Java\jdk1.7.0_07\jre\bin\net.dll
0x000007fefc2d0000 - 0x000007fefc2d7000 	C:\Windows\System32\wship6.dll
0x0000000055330000 - 0x0000000055341000 	C:\Program Files\Java\jdk1.7.0_07\jre\bin\nio.dll
0x0000000055980000 - 0x000000005598b000 	C:\Program Files\Java\jdk1.7.0_07\jre\bin\management.dll
0x000007fefc340000 - 0x000007fefc358000 	C:\Windows\system32\CRYPTSP.dll
0x000007fefc040000 - 0x000007fefc087000 	C:\Windows\system32\rsaenh.dll
0x000007fefbdf0000 - 0x000007fefbe0e000 	C:\Windows\system32\USERENV.dll
0x000007fefcaf0000 - 0x000007fefcaff000 	C:\Windows\system32\profapi.dll
0x000007fefc9e0000 - 0x000007fefc9ef000 	C:\Windows\system32\CRYPTBASE.dll
0x000007fef9230000 - 0x000007fef9355000 	C:\Windows\system32\dbghelp.dll

VM Arguments:
jvm_args: -agentlib:jdwp=transport=dt_socket,suspend=y,address=localhost:5098 -Dfile.encoding=UTF-8 
java_command: cn.tarena.book.StartBookApplication
Launcher Type: SUN_STANDARD

Environment Variables:
JAVA_HOME=C:\Program Files\Java\jdk1.7.0_07
CLASSPATH=.
PATH=C:\Program Files\Java\jdk1.7.0_07\jre\bin;C:/Program Files/Java/jre1.8.0_152/bin/server;C:/Program Files/Java/jre1.8.0_152/bin;C:/Program Files/Java/jre1.8.0_152/lib/amd64;D:\Tools\apache-maven-3.3.1\bin;C:\ProgramData\Oracle\Java\javapath;C:\Program Files\Java\jdk1.7.0_07\bin;C:\Program Files\Java\jre7\bin;;C:\Windows\system32;C:\Windows;C:\Windows\system32\wbem;C:\Program Files\MySQL\MySQL Server 5.5\bin;D:\Program Files (x86)\MySQL\bin;D:\MySQL\bin;C:\Users\tarena\Downloads\eclipse;
USERNAME=tarena
OS=Windows_NT
PROCESSOR_IDENTIFIER=Intel64 Family 6 Model 60 Stepping 3, GenuineIntel



---------------  S Y S T E M  ---------------

OS: Windows 7 , 64 bit Build 7601 Service Pack 1

CPU:total 4 (2 cores per cpu, 2 threads per core) family 6 model 60 stepping 3, cmov, cx8, fxsr, mmx, sse, sse2, sse3, ssse3, sse4.1, sse4.2, popcnt, avx, avx2, ht, tsc, tscinvbit

Memory: 4k page, physical 7270560k(1429964k free), swap 14539260k(7368792k free)

vm_info: Java HotSpot(TM) 64-Bit Server VM (23.3-b01) for windows-amd64 JRE (1.7.0_07-b10), built on Aug 28 2012 18:28:27 by "java_re" with unknown MS VC++:1600

time: Wed Nov 29 09:42:15 2017
elapsed time: 126 seconds

