#
# A fatal error has been detected by the Java Runtime Environment:
#
#  EXCEPTION_ACCESS_VIOLATION (0xc0000005) at pc=0x00000000639b8f19, pid=3680, tid=9860
#
# JRE version: 7.0_07-b10
# Java VM: Java HotSpot(TM) 64-Bit Server VM (23.3-b01 mixed mode windows-amd64 compressed oops)
# Problematic frame:
# V  [jvm.dll+0x38f19]
#
# Failed to write core dump. Minidumps are not enabled by default on client versions of Windows
#
# If you would like to submit a bug report, please visit:
#   http://bugreport.sun.com/bugreport/crash.jsp
#

---------------  T H R E A D  ---------------

Current thread (0x000000000ae72800):  JavaThread "JDWP Transport Listener: dt_socket" daemon [_thread_in_vm, id=9860, stack(0x000000000cdf0000,0x000000000cef0000)]

siginfo: ExceptionCode=0xc0000005, reading address 0x000000000000000c

Registers:
RAX=0x000000000000000c, RBX=0x000000000ae72800, RCX=0x0000000000000000, RDX=0x0000000000000000
RSP=0x000000000ceef9a0, RBP=0x000000000000000c, RSI=0x0000000000000000, RDI=0x0000000000000010
R8 =0x00000000ec386ee0, R9 =0x0000000000000000, R10=0x0000000000000000, R11=0x0000000000000001
R12=0x0000000000000000, R13=0x0000000000000000, R14=0x0000000000000000, R15=0x0000000000000000
RIP=0x00000000639b8f19, EFLAGS=0x0000000000010246

Top of Stack: (sp=0x000000000ceef9a0)
0x000000000ceef9a0:   000000000ae72800 0000000000000000
0x000000000ceef9b0:   0000000000000000 000000000ae72800
0x000000000ceef9c0:   0000000000000000 0000000063a776b4
0x000000000ceef9d0:   00000000ec386ee0 000000000ceefaf0
0x000000000ceef9e0:   0000000001e2e5b8 000000000ceefac0
0x000000000ceef9f0:   000000000ae72800 0000000000000000
0x000000000ceefa00:   0000000001e2e5b8 000000000ceefaf0
0x000000000ceefa10:   0000000000000000 0000000000000000
0x000000000ceefa20:   000000000ae729d8 0000000067ca7d15
0x000000000ceefa30:   000000000ceefac0 000000000ceefaf0
0x000000000ceefa40:   0000000001e2e5b8 000000000ae729d8
0x000000000ceefa50:   000000000de64e0a 0000000067caf09c
0x000000000ceefa60:   0000000063010a01 000000000ceefb60
0x000000000ceefa70:   000000000ae66e01 000000000ae66e01
0x000000000ceefa80:   0000ed9a00000013 0000000063010a00
0x000000000ceefa90:   000000000f35d690 000000000ae76510 

Instructions: (pc=0x00000000639b8f19)
0x00000000639b8ef9:   d2 48 8b c5 eb 18 48 8b d0 48 8b c5 48 d3 e2 48
0x00000000639b8f09:   03 15 01 16 62 00 eb 06 48 8b 12 48 8b c7 48 98
0x00000000639b8f19:   8b 14 10 85 d2 74 2a 45 84 db 4c 63 c6 48 0f 45
0x00000000639b8f29:   fd 8d 47 0b 48 63 c8 48 83 e1 f8 48 c1 e9 03 8d 


Register to memory mapping:

RAX=0x000000000000000c is an unknown value
RBX=0x000000000ae72800 is a thread
RCX=0x0000000000000000 is an unknown value
RDX=0x0000000000000000 is an unknown value
RSP=0x000000000ceef9a0 is pointing into the stack for thread: 0x000000000ae72800
RBP=0x000000000000000c is an unknown value
RSI=0x0000000000000000 is an unknown value
RDI=0x0000000000000010 is an unknown value
R8 =0x00000000ec386ee0 is an oop
java.lang.String 
 - klass: 'java/lang/String'
R9 =0x0000000000000000 is an unknown value
R10=0x0000000000000000 is an unknown value
R11=0x0000000000000001 is an unknown value
R12=0x0000000000000000 is an unknown value
R13=0x0000000000000000 is an unknown value
R14=0x0000000000000000 is an unknown value
R15=0x0000000000000000 is an unknown value


Stack: [0x000000000cdf0000,0x000000000cef0000],  sp=0x000000000ceef9a0,  free space=1022k
Native frames: (J=compiled Java code, j=interpreted, Vv=VM code, C=native code)
V  [jvm.dll+0x38f19]


---------------  P R O C E S S  ---------------

Java Threads: ( => current thread )
  0x000000000f36e800 JavaThread "Abandoned connection cleanup thread" daemon [_thread_blocked, id=5704, stack(0x00000000129e0000,0x0000000012ae0000)]
  0x000000000f36d800 JavaThread "Tomcat JDBC Pool Cleaner[1415493448:1511852114626]" daemon [_thread_blocked, id=8052, stack(0x00000000127f0000,0x00000000128f0000)]
  0x000000000f36d000 JavaThread "DestroyJavaVM" [_thread_blocked, id=5196, stack(0x00000000025d0000,0x00000000026d0000)]
  0x000000000f36c000 JavaThread "http-nio-8090-AsyncTimeout" daemon [_thread_blocked, id=7724, stack(0x0000000012240000,0x0000000012340000)]
  0x000000000f9af000 JavaThread "http-nio-8090-Acceptor-0" daemon [_thread_in_native, id=3288, stack(0x0000000012470000,0x0000000012570000)]
  0x000000000f9ae000 JavaThread "http-nio-8090-ClientPoller-1" daemon [_thread_in_native, id=7296, stack(0x00000000125e0000,0x00000000126e0000)]
  0x000000000f9ad800 JavaThread "http-nio-8090-ClientPoller-0" daemon [_thread_in_native, id=8068, stack(0x0000000012350000,0x0000000012450000)]
  0x000000000f9ac800 JavaThread "http-nio-8090-exec-10" daemon [_thread_blocked, id=6672, stack(0x0000000012100000,0x0000000012200000)]
  0x000000000f9ac000 JavaThread "http-nio-8090-exec-9" daemon [_thread_blocked, id=9580, stack(0x0000000011f90000,0x0000000012090000)]
  0x000000000f91a000 JavaThread "http-nio-8090-exec-8" daemon [_thread_blocked, id=5888, stack(0x0000000011de0000,0x0000000011ee0000)]
  0x000000000f919800 JavaThread "http-nio-8090-exec-7" daemon [_thread_blocked, id=2120, stack(0x0000000011c70000,0x0000000011d70000)]
  0x000000000f918800 JavaThread "http-nio-8090-exec-6" daemon [_thread_blocked, id=9984, stack(0x000000000f1a0000,0x000000000f2a0000)]
  0x000000000f918000 JavaThread "http-nio-8090-exec-5" daemon [_thread_blocked, id=7608, stack(0x00000000113b0000,0x00000000114b0000)]
  0x000000000f917000 JavaThread "http-nio-8090-exec-4" daemon [_thread_blocked, id=8216, stack(0x0000000011a00000,0x0000000011b00000)]
  0x000000000f916800 JavaThread "http-nio-8090-exec-3" daemon [_thread_blocked, id=6000, stack(0x0000000011b00000,0x0000000011c00000)]
  0x000000000f915800 JavaThread "http-nio-8090-exec-2" daemon [_thread_blocked, id=7992, stack(0x0000000011900000,0x0000000011a00000)]
  0x000000000f914800 JavaThread "http-nio-8090-exec-1" daemon [_thread_blocked, id=9820, stack(0x0000000011790000,0x0000000011890000)]
  0x000000000f914000 JavaThread "NioBlockingSelector.BlockPoller-1" daemon [_thread_in_native, id=7100, stack(0x0000000011660000,0x0000000011760000)]
  0x000000000f913000 JavaThread "container-0" [_thread_blocked, id=9832, stack(0x00000000114e0000,0x00000000115e0000)]
  0x000000000e2a8800 JavaThread "ContainerBackgroundProcessor[StandardEngine[Tomcat]]" daemon [_thread_blocked, id=7288, stack(0x000000000c1d0000,0x000000000c2d0000)]
  0x000000000ae9c800 JavaThread "Service Thread" daemon [_thread_blocked, id=7532, stack(0x000000000c9f0000,0x000000000caf0000)]
  0x000000000ae99000 JavaThread "C2 CompilerThread1" daemon [_thread_blocked, id=3232, stack(0x000000000d390000,0x000000000d490000)]
  0x000000000ae8b000 JavaThread "C2 CompilerThread0" daemon [_thread_blocked, id=8012, stack(0x000000000d240000,0x000000000d340000)]
  0x000000000ae80000 JavaThread "JDWP Command Reader" daemon [_thread_in_native, id=6724, stack(0x000000000cf90000,0x000000000d090000)]
  0x000000000ae7d000 JavaThread "JDWP Event Helper Thread" daemon [_thread_blocked, id=4432, stack(0x000000000cbb0000,0x000000000ccb0000)]
=>0x000000000ae72800 JavaThread "JDWP Transport Listener: dt_socket" daemon [_thread_in_vm, id=9860, stack(0x000000000cdf0000,0x000000000cef0000)]
  0x000000000ae6c800 JavaThread "Attach Listener" daemon [_thread_blocked, id=5908, stack(0x000000000c580000,0x000000000c680000)]
  0x000000000ae65800 JavaThread "Signal Dispatcher" daemon [_thread_blocked, id=7916, stack(0x000000000c390000,0x000000000c490000)]
  0x0000000001e2c000 JavaThread "Finalizer" daemon [_thread_blocked, id=7104, stack(0x000000000bde0000,0x000000000bee0000)]
  0x0000000001e25000 JavaThread "Reference Handler" daemon [_thread_blocked, id=5724, stack(0x000000000c0d0000,0x000000000c1d0000)]

Other Threads:
  0x000000000adc2800 VMThread [stack: 0x000000000bf00000,0x000000000c000000] [id=7340]
  0x000000000d4c8800 WatcherThread [stack: 0x000000000d140000,0x000000000d240000] [id=7264]

VM state:not at safepoint (normal execution)

VM Mutex/Monitor currently owned by a thread: None

Heap
 PSYoungGen      total 374272K, used 362614K [0x00000000db000000, 0x00000000f3310000, 0x0000000100000000)
  eden space 353728K, 98% used [0x00000000db000000,0x00000000f040b8e0,0x00000000f0970000)
  from space 20544K, 70% used [0x00000000f1e00000,0x00000000f2c12288,0x00000000f3210000)
  to   space 21056K, 0% used [0x00000000f0970000,0x00000000f0970000,0x00000000f1e00000)
 ParOldGen       total 75776K, used 27881K [0x0000000091000000, 0x0000000095a00000, 0x00000000db000000)
  object space 75776K, 36% used [0x0000000091000000,0x0000000092b3a780,0x0000000095a00000)
 PSPermGen       total 51584K, used 51493K [0x000000008be00000, 0x000000008f060000, 0x0000000091000000)
  object space 51584K, 99% used [0x000000008be00000,0x000000008f049510,0x000000008f060000)

Card table byte_map: [0x0000000005790000,0x0000000005b40000] byte_map_base: 0x0000000005331000

Polling page: 0x0000000000120000

Code Cache  [0x00000000026d0000, 0x0000000002b10000, 0x00000000056d0000)
 total_blobs=1456 nmethods=1009 adapters=405 free_code_cache=44995Kb largest_free_block=45925504

Compilation events (10 events):
Event: 20.444 Thread 0x000000000ae8b000 1075   !         org.springframework.core.annotation.AnnotationUtils::findAnnotation (176 bytes)
Event: 20.512 Thread 0x000000000ae99000 1076             org.springframework.util.MimeType::checkToken (74 bytes)
Event: 20.517 Thread 0x000000000ae99000 nmethod 1076 0x0000000002a2fd90 code [0x0000000002a2fee0, 0x0000000002a30238]
Event: 20.571 Thread 0x000000000ae8b000 nmethod 1075 0x000000000298e3d0 code [0x000000000298ea80, 0x00000000029929e0]
Event: 21.704 Thread 0x000000000ae99000 1077             javax.servlet.ServletRequestWrapper::getRequest (5 bytes)
Event: 21.705 Thread 0x000000000ae99000 nmethod 1077 0x000000000298e1d0 code [0x000000000298e300, 0x000000000298e358]
Event: 21.738 Thread 0x000000000ae8b000 1078             org.apache.coyote.http11.Http11InputBuffer::parseHeader (812 bytes)
Event: 21.741 Thread 0x000000000ae99000 1079             javax.servlet.http.HttpServletRequestWrapper::_getHttpServletRequest (8 bytes)
Event: 21.742 Thread 0x000000000ae99000 nmethod 1079 0x00000000027b7a90 code [0x00000000027b7be0, 0x00000000027b7cb8]
Event: 21.756 Thread 0x000000000ae8b000 nmethod 1078 0x00000000028c4890 code [0x00000000028c4b60, 0x00000000028c6050]

GC Heap History (10 events):
Event: 2.628 GC heap before
{Heap before GC invocations=6 (full 0):
 PSYoungGen      total 61568K, used 61544K [0x00000000db000000, 0x00000000e3100000, 0x0000000100000000)
  eden space 56832K, 100% used [0x00000000db000000,0x00000000de780000,0x00000000de780000)
  from space 4736K, 99% used [0x00000000de780000,0x00000000dec1a020,0x00000000dec20000)
  to   space 9216K, 0% used [0x00000000e2800000,0x00000000e2800000,0x00000000e3100000)
 ParOldGen       total 75776K, used 8980K [0x0000000091000000, 0x0000000095a00000, 0x00000000db000000)
  object space 75776K, 11% used [0x0000000091000000,0x00000000918c5310,0x0000000095a00000)
 PSPermGen       total 24512K, used 24483K [0x000000008be00000, 0x000000008d5f0000, 0x0000000091000000)
  object space 24512K, 99% used [0x000000008be00000,0x000000008d5e8e70,0x000000008d5f0000)
Event: 2.659 GC heap after
Heap after GC invocations=6 (full 0):
 PSYoungGen      total 121792K, used 9202K [0x00000000db000000, 0x00000000e3320000, 0x0000000100000000)
  eden space 112576K, 0% used [0x00000000db000000,0x00000000db000000,0x00000000e1df0000)
  from space 9216K, 99% used [0x00000000e2800000,0x00000000e30fca10,0x00000000e3100000)
  to   space 10304K, 0% used [0x00000000e1df0000,0x00000000e1df0000,0x00000000e2800000)
 ParOldGen       total 75776K, used 8980K [0x0000000091000000, 0x0000000095a00000, 0x00000000db000000)
  object space 75776K, 11% used [0x0000000091000000,0x00000000918c5310,0x0000000095a00000)
 PSPermGen       total 24512K, used 24483K [0x000000008be00000, 0x000000008d5f0000, 0x0000000091000000)
  object space 24512K, 99% used [0x000000008be00000,0x000000008d5e8e70,0x000000008d5f0000)
}
Event: 3.644 GC heap before
{Heap before GC invocations=7 (full 0):
 PSYoungGen      total 121792K, used 121778K [0x00000000db000000, 0x00000000e3320000, 0x0000000100000000)
  eden space 112576K, 100% used [0x00000000db000000,0x00000000e1df0000,0x00000000e1df0000)
  from space 9216K, 99% used [0x00000000e2800000,0x00000000e30fca10,0x00000000e3100000)
  to   space 10304K, 0% used [0x00000000e1df0000,0x00000000e1df0000,0x00000000e2800000)
 ParOldGen       total 75776K, used 8980K [0x0000000091000000, 0x0000000095a00000, 0x00000000db000000)
  object space 75776K, 11% used [0x0000000091000000,0x00000000918c5310,0x0000000095a00000)
 PSPermGen       total 31232K, used 31197K [0x000000008be00000, 0x000000008dc80000, 0x0000000091000000)
  object space 31232K, 99% used [0x000000008be00000,0x000000008dc77690,0x000000008dc80000)
Event: 3.659 GC heap after
Heap after GC invocations=7 (full 0):
 PSYoungGen      total 122880K, used 10293K [0x00000000db000000, 0x00000000ea520000, 0x0000000100000000)
  eden space 112576K, 0% used [0x00000000db000000,0x00000000db000000,0x00000000e1df0000)
  from space 10304K, 99% used [0x00000000e1df0000,0x00000000e27fd700,0x00000000e2800000)
  to   space 12928K, 0% used [0x00000000e9880000,0x00000000e9880000,0x00000000ea520000)
 ParOldGen       total 75776K, used 11757K [0x0000000091000000, 0x0000000095a00000, 0x00000000db000000)
  object space 75776K, 15% used [0x0000000091000000,0x0000000091b7b6a0,0x0000000095a00000)
 PSPermGen       total 31232K, used 31197K [0x000000008be00000, 0x000000008dc80000, 0x0000000091000000)
  object space 31232K, 99% used [0x000000008be00000,0x000000008dc77690,0x000000008dc80000)
}
Event: 4.778 GC heap before
{Heap before GC invocations=8 (full 0):
 PSYoungGen      total 122880K, used 122869K [0x00000000db000000, 0x00000000ea520000, 0x0000000100000000)
  eden space 112576K, 100% used [0x00000000db000000,0x00000000e1df0000,0x00000000e1df0000)
  from space 10304K, 99% used [0x00000000e1df0000,0x00000000e27fd700,0x00000000e2800000)
  to   space 12928K, 0% used [0x00000000e9880000,0x00000000e9880000,0x00000000ea520000)
 ParOldGen       total 75776K, used 11757K [0x0000000091000000, 0x0000000095a00000, 0x00000000db000000)
  object space 75776K, 15% used [0x0000000091000000,0x0000000091b7b6a0,0x0000000095a00000)
 PSPermGen       total 35072K, used 35003K [0x000000008be00000, 0x000000008e040000, 0x0000000091000000)
  object space 35072K, 99% used [0x000000008be00000,0x000000008e02ef68,0x000000008e040000)
Event: 4.802 GC heap after
Heap after GC invocations=8 (full 0):
 PSYoungGen      total 234304K, used 12919K [0x00000000db000000, 0x00000000eac80000, 0x0000000100000000)
  eden space 221376K, 0% used [0x00000000db000000,0x00000000db000000,0x00000000e8830000)
  from space 12928K, 99% used [0x00000000e9880000,0x00000000ea51def8,0x00000000ea520000)
  to   space 16704K, 0% used [0x00000000e8830000,0x00000000e8830000,0x00000000e9880000)
 ParOldGen       total 75776K, used 16742K [0x0000000091000000, 0x0000000095a00000, 0x00000000db000000)
  object space 75776K, 22% used [0x0000000091000000,0x0000000092059888,0x0000000095a00000)
 PSPermGen       total 35072K, used 35003K [0x000000008be00000, 0x000000008e040000, 0x0000000091000000)
  object space 35072K, 99% used [0x000000008be00000,0x000000008e02ef68,0x000000008e040000)
}
Event: 6.078 GC heap before
{Heap before GC invocations=9 (full 0):
 PSYoungGen      total 234304K, used 234295K [0x00000000db000000, 0x00000000eac80000, 0x0000000100000000)
  eden space 221376K, 100% used [0x00000000db000000,0x00000000e8830000,0x00000000e8830000)
  from space 12928K, 99% used [0x00000000e9880000,0x00000000ea51def8,0x00000000ea520000)
  to   space 16704K, 0% used [0x00000000e8830000,0x00000000e8830000,0x00000000e9880000)
 ParOldGen       total 75776K, used 16742K [0x0000000091000000, 0x0000000095a00000, 0x00000000db000000)
  object space 75776K, 22% used [0x0000000091000000,0x0000000092059888,0x0000000095a00000)
 PSPermGen       total 36416K, used 36275K [0x000000008be00000, 0x000000008e190000, 0x0000000091000000)
  object space 36416K, 99% used [0x000000008be00000,0x000000008e16cf70,0x000000008e190000)
Event: 6.096 GC heap after
Heap after GC invocations=9 (full 0):
 PSYoungGen      total 238080K, used 16680K [0x00000000db000000, 0x00000000f3210000, 0x0000000100000000)
  eden space 221376K, 0% used [0x00000000db000000,0x00000000db000000,0x00000000e8830000)
  from space 16704K, 99% used [0x00000000e8830000,0x00000000e987a0a8,0x00000000e9880000)
  to   space 20544K, 0% used [0x00000000f1e00000,0x00000000f1e00000,0x00000000f3210000)
 ParOldGen       total 75776K, used 20684K [0x0000000091000000, 0x0000000095a00000, 0x00000000db000000)
  object space 75776K, 27% used [0x0000000091000000,0x0000000092433190,0x0000000095a00000)
 PSPermGen       total 36416K, used 36275K [0x000000008be00000, 0x000000008e190000, 0x0000000091000000)
  object space 36416K, 99% used [0x000000008be00000,0x000000008e16cf70,0x000000008e190000)
}
Event: 7.618 GC heap before
{Heap before GC invocations=10 (full 0):
 PSYoungGen      total 238080K, used 238056K [0x00000000db000000, 0x00000000f3210000, 0x0000000100000000)
  eden space 221376K, 100% used [0x00000000db000000,0x00000000e8830000,0x00000000e8830000)
  from space 16704K, 99% used [0x00000000e8830000,0x00000000e987a0a8,0x00000000e9880000)
  to   space 20544K, 0% used [0x00000000f1e00000,0x00000000f1e00000,0x00000000f3210000)
 ParOldGen       total 75776K, used 20684K [0x0000000091000000, 0x0000000095a00000, 0x00000000db000000)
  object space 75776K, 27% used [0x0000000091000000,0x0000000092433190,0x0000000095a00000)
 PSPermGen       total 37760K, used 37615K [0x000000008be00000, 0x000000008e2e0000, 0x0000000091000000)
  object space 37760K, 99% used [0x000000008be00000,0x000000008e2bbec0,0x000000008e2e0000)
Event: 7.637 GC heap after
Heap after GC invocations=10 (full 0):
 PSYoungGen      total 374272K, used 14408K [0x00000000db000000, 0x00000000f3310000, 0x0000000100000000)
  eden space 353728K, 0% used [0x00000000db000000,0x00000000db000000,0x00000000f0970000)
  from space 20544K, 70% used [0x00000000f1e00000,0x00000000f2c12288,0x00000000f3210000)
  to   space 21056K, 0% used [0x00000000f0970000,0x00000000f0970000,0x00000000f1e00000)
 ParOldGen       total 75776K, used 27881K [0x0000000091000000, 0x0000000095a00000, 0x00000000db000000)
  object space 75776K, 36% used [0x0000000091000000,0x0000000092b3a780,0x0000000095a00000)
 PSPermGen       total 37760K, used 37615K [0x000000008be00000, 0x000000008e2e0000, 0x0000000091000000)
  object space 37760K, 99% used [0x000000008be00000,0x000000008e2bbec0,0x000000008e2e0000)
}

Deoptimization events (10 events):
Event: 21.746 Thread 0x000000000f917000 Uncommon trap -89 fr.pc 0x00000000029ca5b4
Event: 21.766 Thread 0x000000000f916800 Uncommon trap -89 fr.pc 0x00000000029ca5b4
Event: 21.772 Thread 0x000000000f918800 Uncommon trap -89 fr.pc 0x00000000029ca5b4
Event: 23.867 Thread 0x000000000f919800 Uncommon trap -89 fr.pc 0x00000000029ca5b4
Event: 23.867 Thread 0x000000000f919800 Uncommon trap -89 fr.pc 0x00000000029ca5b4
Event: 23.867 Thread 0x000000000f919800 Uncommon trap -89 fr.pc 0x00000000029ca5b4
Event: 23.867 Thread 0x000000000f919800 Uncommon trap -89 fr.pc 0x00000000029ca5b4
Event: 23.871 Thread 0x000000000f919800 Uncommon trap -89 fr.pc 0x00000000027ef190
Event: 35.425 Thread 0x000000000e2a8800 Uncommon trap -89 fr.pc 0x00000000027ef190
Event: 35.425 Thread 0x000000000e2a8800 Uncommon trap -122 fr.pc 0x0000000002866130

Internal exceptions (10 events):
Event: 20.476 Thread 0x000000000f918000 Threw 0x00000000ece2a450 at C:\jdk7u1_64p\jdk7u7\hotspot\src\share\vm\prims\jvm.cpp:1166
Event: 20.476 Thread 0x000000000f918000 Threw 0x00000000ece324d8 at C:\jdk7u1_64p\jdk7u7\hotspot\src\share\vm\prims\jvm.cpp:1166
Event: 20.476 Thread 0x000000000f918000 Threw 0x00000000ece332c8 at C:\jdk7u1_64p\jdk7u7\hotspot\src\share\vm\prims\jvm.cpp:1166
Event: 20.476 Thread 0x000000000f918000 Threw 0x00000000ece3b350 at C:\jdk7u1_64p\jdk7u7\hotspot\src\share\vm\prims\jvm.cpp:1166
Event: 20.477 Thread 0x000000000f918000 Threw 0x00000000ece3cd98 at C:\jdk7u1_64p\jdk7u7\hotspot\src\share\vm\classfile\systemDictionary.cpp:179
Event: 20.493 Thread 0x000000000f91a000 Threw 0x00000000ed040030 at C:\jdk7u1_64p\jdk7u7\hotspot\src\share\vm\prims\jvm.cpp:1166
Event: 20.493 Thread 0x000000000f91a000 Threw 0x00000000ed04a478 at C:\jdk7u1_64p\jdk7u7\hotspot\src\share\vm\prims\jvm.cpp:1166
Event: 20.494 Thread 0x000000000f91a000 Threw 0x00000000ed058c68 at C:\jdk7u1_64p\jdk7u7\hotspot\src\share\vm\prims\jvm.cpp:1166
Event: 23.871 Thread 0x000000000f919800 Threw 0x00000000ec3779f8 at C:\jdk7u1_64p\jdk7u7\hotspot\src\share\vm\prims\jvm.cpp:1166
Event: 35.425 Thread 0x000000000e2a8800 Threw 0x00000000f02deb00 at C:\jdk7u1_64p\jdk7u7\hotspot\src\share\vm\prims\jvm.cpp:1166

Events (10 events):
Event: 91.168 Executing VM operation: ChangeSingleStep
Event: 91.168 Executing VM operation: ChangeSingleStep done
Event: 91.186 Executing VM operation: GetOrSetLocal
Event: 91.186 Executing VM operation: GetOrSetLocal done
Event: 91.205 Executing VM operation: ChangeSingleStep
Event: 91.205 Executing VM operation: ChangeSingleStep done
Event: 91.337 Executing VM operation: GetOrSetLocal
Event: 91.337 Executing VM operation: GetOrSetLocal done
Event: 91.461 Executing VM operation: GetOrSetLocal
Event: 91.462 Executing VM operation: GetOrSetLocal done


Dynamic libraries:
0x000000013f470000 - 0x000000013f4a4000 	C:\Program Files\Java\jdk1.7.0_07\bin\javaw.exe
0x0000000076e10000 - 0x0000000076fba000 	C:\Windows\SYSTEM32\ntdll.dll
0x0000000076cf0000 - 0x0000000076e0f000 	C:\Windows\system32\kernel32.dll
0x000007fefcba0000 - 0x000007fefcc0a000 	C:\Windows\system32\KERNELBASE.dll
0x000007fefe370000 - 0x000007fefe44b000 	C:\Windows\system32\ADVAPI32.dll
0x000007fefe2d0000 - 0x000007fefe36f000 	C:\Windows\system32\msvcrt.dll
0x000007fefee60000 - 0x000007fefee7f000 	C:\Windows\SYSTEM32\sechost.dll
0x000007fefd340000 - 0x000007fefd46d000 	C:\Windows\system32\RPCRT4.dll
0x0000000076ab0000 - 0x0000000076baa000 	C:\Windows\system32\USER32.dll
0x000007fefd470000 - 0x000007fefd4d7000 	C:\Windows\system32\GDI32.dll
0x000007fefe9b0000 - 0x000007fefe9be000 	C:\Windows\system32\LPK.dll
0x000007fefd000000 - 0x000007fefd0cb000 	C:\Windows\system32\USP10.dll
0x000007fefb320000 - 0x000007fefb514000 	C:\Windows\WinSxS\amd64_microsoft.windows.common-controls_6595b64144ccf1df_6.0.7601.18837_none_fa3b1e3d17594757\COMCTL32.dll
0x000007fefe450000 - 0x000007fefe4c1000 	C:\Windows\system32\SHLWAPI.dll
0x000007fefcfa0000 - 0x000007fefcfce000 	C:\Windows\system32\IMM32.DLL
0x000007fefee80000 - 0x000007fefef89000 	C:\Windows\system32\MSCTF.dll
0x00000000646b0000 - 0x0000000064781000 	C:\Program Files\Java\jdk1.7.0_07\jre\bin\msvcr100.dll
0x0000000063980000 - 0x000000006409f000 	C:\Program Files\Java\jdk1.7.0_07\jre\bin\server\jvm.dll
0x000007fef91d0000 - 0x000007fef91d9000 	C:\Windows\system32\WSOCK32.dll
0x000007fefec60000 - 0x000007fefecad000 	C:\Windows\system32\WS2_32.dll
0x000007fefcfd0000 - 0x000007fefcfd8000 	C:\Windows\system32\NSI.dll
0x000007fefccf0000 - 0x000007fefcd2b000 	C:\Windows\system32\WINMM.dll
0x0000000076fd0000 - 0x0000000076fd7000 	C:\Windows\system32\PSAPI.DLL
0x000000006b030000 - 0x000000006b03f000 	C:\Program Files\Java\jdk1.7.0_07\jre\bin\verify.dll
0x0000000067dc0000 - 0x0000000067de8000 	C:\Program Files\Java\jdk1.7.0_07\jre\bin\java.dll
0x0000000067ca0000 - 0x0000000067cd5000 	C:\Program Files\Java\jdk1.7.0_07\jre\bin\jdwp.dll
0x000000006b000000 - 0x000000006b008000 	C:\Program Files\Java\jdk1.7.0_07\jre\bin\npt.dll
0x0000000067d00000 - 0x0000000067d15000 	C:\Program Files\Java\jdk1.7.0_07\jre\bin\zip.dll
0x000000006b010000 - 0x000000006b019000 	C:\Program Files\Java\jdk1.7.0_07\jre\bin\dt_socket.dll
0x000007fefad00000 - 0x000007fefad15000 	C:\Windows\system32\NLAapi.dll
0x000007fef9210000 - 0x000007fef9225000 	C:\Windows\system32\napinsp.dll
0x000007fef91f0000 - 0x000007fef9209000 	C:\Windows\system32\pnrpnsp.dll
0x000007fefc2e0000 - 0x000007fefc335000 	C:\Windows\System32\mswsock.dll
0x000007fefc160000 - 0x000007fefc1bb000 	C:\Windows\system32\DNSAPI.dll
0x000007fef91e0000 - 0x000007fef91eb000 	C:\Windows\System32\winrnr.dll
0x000007fefa210000 - 0x000007fefa237000 	C:\Windows\system32\IPHLPAPI.DLL
0x000007fefa200000 - 0x000007fefa20b000 	C:\Windows\system32\WINNSI.DLL
0x000007fefa090000 - 0x000007fefa0e3000 	C:\Windows\System32\fwpuclnt.dll
0x000007fef8530000 - 0x000007fef8538000 	C:\Windows\system32\rasadhlp.dll
0x000007fefbce0000 - 0x000007fefbce7000 	C:\Windows\System32\wshtcpip.dll
0x0000000067ce0000 - 0x0000000067cf9000 	C:\Program Files\Java\jdk1.7.0_07\jre\bin\net.dll
0x000007fefc2d0000 - 0x000007fefc2d7000 	C:\Windows\System32\wship6.dll
0x0000000067c80000 - 0x0000000067c91000 	C:\Program Files\Java\jdk1.7.0_07\jre\bin\nio.dll
0x0000000066d60000 - 0x0000000066d6b000 	C:\Program Files\Java\jdk1.7.0_07\jre\bin\management.dll
0x000007fefc340000 - 0x000007fefc358000 	C:\Windows\system32\CRYPTSP.dll
0x000007fefc040000 - 0x000007fefc087000 	C:\Windows\system32\rsaenh.dll
0x000007fefbdf0000 - 0x000007fefbe0e000 	C:\Windows\system32\USERENV.dll
0x000007fefcaf0000 - 0x000007fefcaff000 	C:\Windows\system32\profapi.dll
0x000007fefc9e0000 - 0x000007fefc9ef000 	C:\Windows\system32\CRYPTBASE.dll
0x000007fef9230000 - 0x000007fef9355000 	C:\Windows\system32\dbghelp.dll

VM Arguments:
jvm_args: -agentlib:jdwp=transport=dt_socket,suspend=y,address=localhost:1695 -Dfile.encoding=UTF-8 
java_command: cn.tarena.book.StartBookApplication
Launcher Type: SUN_STANDARD

Environment Variables:
JAVA_HOME=C:\Program Files\Java\jdk1.7.0_07
CLASSPATH=.
PATH=C:\Program Files\Java\jdk1.7.0_07\jre\bin;C:/Program Files/Java/jre1.8.0_152/bin/server;C:/Program Files/Java/jre1.8.0_152/bin;C:/Program Files/Java/jre1.8.0_152/lib/amd64;D:\Tools\apache-maven-3.3.1\bin;C:\ProgramData\Oracle\Java\javapath;C:\Program Files\Java\jdk1.7.0_07\bin;C:\Program Files\Java\jre7\bin;;C:\Windows\system32;C:\Windows;C:\Windows\system32\wbem;C:\Program Files\MySQL\MySQL Server 5.5\bin;D:\Program Files (x86)\MySQL\bin;D:\MySQL\bin;C:\Users\tarena\Downloads\eclipse;
USERNAME=tarena
OS=Windows_NT
PROCESSOR_IDENTIFIER=Intel64 Family 6 Model 60 Stepping 3, GenuineIntel



---------------  S Y S T E M  ---------------

OS: Windows 7 , 64 bit Build 7601 Service Pack 1

CPU:total 4 (2 cores per cpu, 2 threads per core) family 6 model 60 stepping 3, cmov, cx8, fxsr, mmx, sse, sse2, sse3, ssse3, sse4.1, sse4.2, popcnt, avx, avx2, ht, tsc, tscinvbit

Memory: 4k page, physical 7270560k(3060664k free), swap 14539260k(8810164k free)

vm_info: Java HotSpot(TM) 64-Bit Server VM (23.3-b01) for windows-amd64 JRE (1.7.0_07-b10), built on Aug 28 2012 18:28:27 by "java_re" with unknown MS VC++:1600

time: Tue Nov 28 14:56:34 2017
elapsed time: 91 seconds

